1434654387692 3 [0.45, 0.51, 0.47] [0.52, 0.55, 0.49] 24.0 0.0 8.0 20856.0 3.816464384E9 6948.0
1434654388712 3 [0.45, 0.51, 0.51] [0.52, 0.55, 0.49] 24.0 0.0 8.0 20856.0 3.817234432E9 6948.0
1434654389732 3 [0.45, 0.51, 0.51] [0.52, 0.55, 0.49] 24.0 0.0 8.0 20856.0 3.817099264E9 6948.0
1434654390752 3 [0.41, 0.51, 0.51] [0.51, 0.55, 0.49] 24.0 0.0 8.0 20856.0 3.816726528E9 6948.0
1434654391775 3 [0.41, 0.51, 0.51] [0.51, 0.55, 0.49] 24.0 0.0 8.0 20856.0 3.816726528E9 6948.0
1434654392795 3 [0.41, 0.47, 0.51] [0.51, 0.54, 0.49] 24.0 0.0 8.0 20856.0 3.816726528E9 6948.0
1434654393814 3 [0.41, 0.47, 0.55] [0.51, 0.54, 0.5] 24.0 0.0 8.0 20856.0 3.816726528E9 6948.0
1434654394834 3 [0.41, 0.47, 0.55] [0.51, 0.54, 0.5] 24.0 0.0 8.0 20856.0 3.816710144E9 6948.0
1434654395853 3 [0.46, 0.47, 0.55] [0.52, 0.54, 0.5] 24.0 0.0 8.0 20856.0 3.816710144E9 6948.0
1434654396874 3 [0.46, 0.47, 0.55] [0.52, 0.54, 0.5] 24.0 0.0 8.0 20856.0 3.816845312E9 6948.0
1434654397893 3 [0.46, 0.43, 0.55] [0.52, 0.53, 0.5] 24.0 0.0 8.0 20856.0 3.816845312E9 6948.0
1434654398913 3 [0.46, 0.43, 0.5] [0.52, 0.53, 0.49] 24.0 0.0 8.0 20856.0 3.816718336E9 6948.0
1434654399933 3 [0.46, 0.43, 0.5] [0.52, 0.53, 0.49] 24.0 0.0 8.0 20856.0 3.816718336E9 6948.0
1434654400957 3 [0.42, 0.43, 0.5] [0.51, 0.53, 0.49] 24.0 0.0 8.0 20856.0 3.816726528E9 6948.0
1434654401980 3 [0.42, 0.43, 0.5] [0.51, 0.53, 0.49] 24.0 0.0 8.0 20856.0 3.816583168E9 6948.0
1434654403000 3 [0.42, 0.4, 0.54] [0.51, 0.52, 0.5] 24.0 0.0 8.0 20856.0 3.816583168E9 6948.0
1434654404021 3 [0.42, 0.4, 0.54] [0.51, 0.52, 0.5] 24.0 0.0 8.0 20856.0 3.81659136E9 6948.0
1434654405045 3 [0.42, 0.4, 0.54] [0.51, 0.52, 0.5] 24.0 0.0 8.0 20856.0 3.816583168E9 6948.0
1434654406065 3 [0.47, 0.4, 0.54] [0.52, 0.52, 0.5] 24.0 0.0 8.0 20856.0 3.816169472E9 6948.0
1434654407085 3 [0.47, 0.4, 0.54] [0.52, 0.52, 0.5] 24.0 0.0 8.0 20856.0 3.816083456E9 6948.0
1434654408104 3 [0.47, 0.45, 0.5] [0.52, 0.53, 0.49] 24.0 0.0 8.0 20856.0 3.816083456E9 6948.0
1434654409124 3 [0.47, 0.45, 0.5] [0.52, 0.53, 0.49] 24.0 0.0 8.0 20856.0 3.816083456E9 6948.0
1434654410143 3 [0.47, 0.45, 0.5] [0.52, 0.53, 0.49] 24.0 0.0 8.0 20856.0 3.816083456E9 6948.0
1434654411163 3 [0.43, 0.45, 0.5] [0.51, 0.53, 0.49] 24.0 0.0 8.0 20856.0 3.816091648E9 6948.0
1434654412185 3 [0.43, 0.45, 0.5] [0.51, 0.53, 0.49] 24.0 0.0 8.0 20856.0 3.816337408E9 6948.0
1434654413205 3 [0.43, 0.41, 0.54] [0.51, 0.52, 0.5] 24.0 0.0 8.0 20856.0 3.816599552E9 6948.0
1434654414227 3 [0.43, 0.41, 0.54] [0.51, 0.52, 0.5] 24.0 0.0 8.0 20856.0 3.816472576E9 6948.0
1434654415248 3 [0.43, 0.41, 0.54] [0.51, 0.52, 0.5] 24.0 0.0 8.0 20856.0 3.816456192E9 6948.0
1434654416272 3 [0.48, 0.41, 0.54] [0.52, 0.52, 0.5] 24.0 0.0 8.0 20856.0 3.816456192E9 6948.0
1434654417294 3 [0.48, 0.46, 0.54] [0.52, 0.53, 0.5] 24.0 0.0 8.0 20856.0 3.816464384E9 6948.0
1434654418314 3 [0.48, 0.46, 0.58] [0.52, 0.53, 0.51] 24.0 0.0 8.0 20856.0 3.816464384E9 6948.0
1434654419334 3 [0.48, 0.46, 0.58] [0.52, 0.53, 0.51] 24.0 0.0 8.0 20856.0 3.816464384E9 6948.0
1434654420353 3 [0.44, 0.46, 0.58] [0.51, 0.53, 0.51] 24.0 0.0 8.0 20856.0 3.816853504E9 6948.0
1434654421372 3 [0.44, 0.46, 0.58] [0.51, 0.53, 0.51] 24.0 0.0 8.0 20856.0 3.816566784E9 6948.0
1434654422392 3 [0.44, 0.42, 0.58] [0.51, 0.52, 0.51] 24.0 0.0 8.0 20856.0 3.816599552E9 6948.0
1434654423412 3 [0.44, 0.42, 0.53] [0.51, 0.52, 0.5] 24.0 0.0 8.0 20856.0 3.816599552E9 6948.0
1434654424431 3 [0.44, 0.42, 0.53] [0.51, 0.52, 0.5] 24.0 0.0 8.0 20856.0 3.816599552E9 6948.0
1434654425451 3 [0.48, 0.42, 0.53] [0.52, 0.52, 0.5] 24.0 0.0 8.0 20856.0 3.816583168E9 6948.0
1434654426470 3 [0.48, 0.42, 0.53] [0.52, 0.52, 0.5] 24.0 0.0 8.0 20856.0 3.816583168E9 6948.0
1434654427490 3 [0.48, 0.47, 0.53] [0.52, 0.53, 0.5] 24.0 0.0 8.0 20856.0 3.816845312E9 6948.0
1434654428509 3 [0.48, 0.47, 0.57] [0.52, 0.53, 0.51] 24.0 0.0 8.0 20856.0 3.816718336E9 6948.0
1434654429528 3 [0.48, 0.47, 0.57] [0.52, 0.53, 0.51] 24.0 0.0 8.0 20856.0 3.816464384E9 6948.0
1434654430547 3 [0.44, 0.47, 0.57] [0.51, 0.53, 0.51] 24.0 0.0 8.0 20856.0 3.816464384E9 6948.0
1434654431567 3 [0.44, 0.47, 0.57] [0.51, 0.53, 0.51] 24.0 0.0 8.0 20856.0 3.816472576E9 6948.0
1434654432589 3 [0.44, 0.43, 0.57] [0.51, 0.52, 0.51] 24.0 0.0 8.0 20856.0 3.816456192E9 6948.0
1434654433609 3 [0.44, 0.43, 0.52] [0.51, 0.52, 0.5] 24.0 0.0 8.0 20856.0 3.816456192E9 6948.0
1434654434629 3 [0.44, 0.43, 0.52] [0.51, 0.52, 0.5] 24.0 0.0 8.0 20856.0 3.816464384E9 6948.0
1434654435648 3 [0.49, 0.43, 0.52] [0.52, 0.52, 0.5] 24.0 0.0 8.0 20856.0 3.816955904E9 6948.0
1434654436668 3 [0.49, 0.43, 0.52] [0.52, 0.52, 0.5] 24.0 0.0 8.0 20856.0 3.81683712E9 6948.0
1434654437687 3 [0.49, 0.4, 0.52] [0.52, 0.51, 0.5] 24.0 0.0 8.0 20856.0 3.816718336E9 6948.0
1434654438717 3 [0.49, 0.4, 0.56] [0.52, 0.51, 0.51] 24.0 0.0 8.0 20856.0 3.816718336E9 6948.0
1434654439735 3 [0.49, 0.4, 0.56] [0.52, 0.51, 0.51] 24.0 0.0 8.0 20856.0 3.816718336E9 6948.0
1434654440754 3 [0.45, 0.4, 0.56] [0.51, 0.51, 0.51] 24.0 0.0 8.0 20856.0 3.816726528E9 6948.0
1434654441776 3 [0.45, 0.4, 0.56] [0.51, 0.51, 0.51] 24.0 0.0 8.0 20856.0 3.816726528E9 6948.0
1434654442798 3 [0.45, 0.44, 0.56] [0.51, 0.52, 0.51] 24.0 0.0 8.0 20856.0 3.816599552E9 6948.0
1434654443818 3 [0.45, 0.44, 1.16] [0.51, 0.52, 0.64] 24.0 0.0 8.0 20856.0 3.816472576E9 6948.0
1434654444838 3 [0.45, 0.44, 1.16] [0.51, 0.52, 0.64] 24.0 0.0 8.0 20856.0 3.816456192E9 6948.0
1434654445858 3 [0.73, 0.44, 1.16] [0.57, 0.52, 0.64] 24.0 0.0 8.0 20856.0 3.816456192E9 6948.0
1434654446879 3 [0.73, 0.44, 1.16] [0.57, 0.52, 0.64] 24.0 0.0 8.0 20856.0 3.816464384E9 6948.0
1434654447901 3 [0.73, 0.41, 1.16] [0.57, 0.51, 0.64] 24.0 0.0 8.0 20856.0 3.816464384E9 6948.0
1434654448922 3 [0.73, 0.41, 1.06] [0.57, 0.51, 0.62] 24.0 0.0 8.0 20856.0 3.816464384E9 6948.0
1434654449942 3 [0.73, 0.41, 1.06] [0.57, 0.51, 0.62] 24.0 0.0 8.0 20856.0 3.816464384E9 6948.0
1434654450962 3 [0.68, 0.41, 1.06] [0.56, 0.51, 0.62] 24.0 0.0 8.0 20856.0 3.816599552E9 6948.0
1434654451981 3 [0.68, 0.41, 1.06] [0.56, 0.51, 0.62] 24.0 0.0 8.0 20856.0 3.816472576E9 6948.0
1434654453000 3 [0.68, 0.46, 0.98] [0.56, 0.52, 0.61] 24.0 0.0 8.0 20856.0 3.816472576E9 6948.0
1434654454020 3 [0.68, 0.46, 0.98] [0.56, 0.52, 0.61] 24.0 0.0 8.0 20856.0 3.816472576E9 6948.0
1434654455040 3 [0.68, 0.46, 0.98] [0.56, 0.52, 0.61] 24.0 0.0 8.0 20856.0 3.816329216E9 6948.0
1434654456059 3 [0.7, 0.46, 0.98] [0.56, 0.52, 0.61] 24.0 0.0 8.0 20856.0 3.816329216E9 6948.0
1434654457079 3 [0.7, 0.46, 0.98] [0.56, 0.52, 0.61] 24.0 0.0 8.0 20856.0 3.816337408E9 6948.0
1434654458098 3 [0.7, 0.42, 0.9] [0.56, 0.51, 0.6] 24.0 0.0 8.0 20856.0 3.816845312E9 6948.0
1434654459118 3 [0.7, 0.42, 0.9] [0.56, 0.51, 0.6] 24.0 0.0 8.0 20856.0 3.816845312E9 6948.0
1434654460137 3 [0.7, 0.42, 0.9] [0.56, 0.51, 0.6] 24.0 0.0 8.0 20856.0 3.816718336E9 6948.0
1434654461157 3 [0.65, 0.42, 0.9] [0.55, 0.51, 0.6] 24.0 0.0 8.0 20856.0 3.816726528E9 6948.0
1434654462177 3 [0.65, 0.42, 0.9] [0.55, 0.51, 0.6] 24.0 0.0 8.0 20856.0 3.816710144E9 6948.0
1434654463196 3 [0.65, 0.47, 0.91] [0.55, 0.52, 0.61] 24.0 0.0 8.0 20856.0 3.816710144E9 6948.0
1434654464216 3 [0.65, 0.47, 0.91] [0.55, 0.52, 0.61] 24.0 0.0 8.0 20856.0 3.816718336E9 6948.0
1434654465236 3 [0.65, 0.47, 0.91] [0.55, 0.52, 0.61] 24.0 0.0 8.0 20856.0 3.816710144E9 6948.0
1434654466255 3 [0.75, 0.47, 0.91] [0.58, 0.52, 0.61] 24.0 0.0 8.0 20856.0 3.817218048E9 6948.0
1434654467275 3 [0.75, 0.43, 0.91] [0.58, 0.51, 0.61] 24.0 0.0 8.0 20856.0 3.81722624E9 6948.0
1434654468294 3 [0.75, 0.43, 0.92] [0.58, 0.51, 0.62] 24.0 0.0 8.0 20856.0 3.816845312E9 6948.0
1434654469311 3 [0.75, 0.43, 0.92] [0.58, 0.51, 0.62] 24.0 0.0 8.0 20856.0 3.816845312E9 6948.0
1434654470330 3 [0.69, 0.43, 0.92] [0.57, 0.51, 0.62] 24.0 0.0 8.0 20856.0 3.816845312E9 6948.0
1434654471350 3 [0.69, 0.43, 0.92] [0.57, 0.51, 0.62] 24.0 0.0 8.0 20856.0 3.816853504E9 6948.0
1434654472369 3 [0.69, 0.47, 0.92] [0.57, 0.52, 0.62] 24.0 0.0 8.0 20856.0 3.816853504E9 6948.0
1434654473389 3 [0.69, 0.47, 0.84] [0.57, 0.52, 0.61] 24.0 0.0 8.0 20856.0 3.816853504E9 6948.0
1434654474407 3 [0.69, 0.47, 0.84] [0.57, 0.52, 0.61] 24.0 0.0 8.0 20856.0 3.816845312E9 6948.0
1434654475426 3 [0.72, 0.47, 0.84] [0.58, 0.52, 0.61] 24.0 0.0 8.0 20856.0 3.816423424E9 6948.0
1434654476445 3 [0.72, 0.47, 0.84] [0.58, 0.52, 0.61] 24.0 0.0 8.0 20856.0 3.816329216E9 6948.0
1434654477465 3 [0.72, 0.44, 0.84] [0.58, 0.51, 0.61] 24.0 0.0 8.0 20856.0 3.816337408E9 6948.0
1434654478486 3 [0.72, 0.44, 0.85] [0.58, 0.51, 0.61] 24.0 0.0 8.0 20856.0 3.816337408E9 6948.0
1434654479505 3 [0.72, 0.44, 0.85] [0.58, 0.51, 0.61] 24.0 0.0 8.0 20856.0 3.816337408E9 6948.0
1434654480524 3 [0.74, 0.44, 0.85] [0.58, 0.51, 0.61] 24.0 0.0 8.0 20856.0 3.816337408E9 6948.0
1434654481544 3 [0.74, 0.44, 0.85] [0.58, 0.51, 0.61] 24.0 0.0 8.0 20856.0 3.8163456E9 6948.0
1434654482565 3 [0.74, 0.48, 0.85] [0.58, 0.52, 0.61] 24.0 0.0 8.0 20856.0 3.816599552E9 6948.0
1434654483585 3 [0.74, 0.48, 0.79] [0.58, 0.52, 0.6] 24.0 0.0 8.0 20856.0 3.8163456E9 6948.0
1434654484605 3 [0.74, 0.48, 0.79] [0.58, 0.52, 0.6] 24.0 0.0 8.0 20856.0 3.815948288E9 6948.0
1434654485625 3 [0.76, 0.48, 0.79] [0.59, 0.52, 0.6] 24.0 0.0 8.0 20856.0 3.816329216E9 6948.0
1434654486646 3 [0.76, 0.48, 0.79] [0.59, 0.52, 0.6] 24.0 0.0 8.0 20856.0 3.816337408E9 6948.0
1434654487666 3 [0.76, 0.44, 0.79] [0.59, 0.51, 0.6] 24.0 0.0 8.0 20856.0 3.816083456E9 6948.0
1434654488686 3 [0.76, 0.44, 0.8] [0.59, 0.51, 0.61] 24.0 0.0 8.0 20856.0 3.816083456E9 6948.0
1434654489705 3 [0.76, 0.44, 0.8] [0.59, 0.51, 0.61] 24.0 0.0 8.0 20856.0 3.816210432E9 6948.0
1434654490726 3 [0.7, 0.44, 0.8] [0.58, 0.51, 0.61] 24.0 0.0 8.0 20856.0 3.81698048E9 6948.0
1434654491747 3 [0.7, 0.44, 0.8] [0.58, 0.51, 0.61] 24.0 0.0 8.0 20856.0 3.816456192E9 6948.0
1434654492767 3 [0.7, 0.49, 0.8] [0.58, 0.52, 0.61] 24.0 0.0 8.0 20856.0 3.816456192E9 6948.0
1434654493788 3 [0.7, 0.49, 0.74] [0.58, 0.52, 0.6] 24.0 0.0 8.0 20856.0 3.816464384E9 6948.0
1434654494808 3 [0.7, 0.49, 0.74] [0.58, 0.52, 0.6] 24.0 0.0 8.0 20856.0 3.816329216E9 6948.0
1434654495828 3 [0.72, 0.49, 0.74] [0.59, 0.52, 0.6] 24.0 0.0 8.0 20856.0 3.816583168E9 6948.0
1434654496848 3 [0.72, 0.49, 0.74] [0.59, 0.52, 0.6] 24.0 0.0 8.0 20856.0 3.816337408E9 6948.0
1434654497868 3 [0.72, 0.45, 0.74] [0.59, 0.51, 0.6] 24.0 0.0 8.0 20856.0 3.816464384E9 6948.0
1434654498889 3 [0.72, 0.45, 0.68] [0.59, 0.51, 0.59] 24.0 0.0 8.0 20856.0 3.816083456E9 6948.0
1434654499910 3 [0.72, 0.45, 0.68] [0.59, 0.51, 0.59] 24.0 0.0 8.0 20856.0 3.815829504E9 6948.0
1434654500930 3 [0.67, 0.45, 0.68] [0.58, 0.51, 0.59] 24.0 0.0 8.0 20856.0 3.815964672E9 6948.0
1434654501951 3 [0.67, 0.45, 0.68] [0.58, 0.51, 0.59] 24.0 0.0 8.0 20856.0 3.815964672E9 6948.0
1434654502971 3 [0.67, 0.41, 0.68] [0.58, 0.5, 0.59] 24.0 0.0 8.0 20856.0 3.81571072E9 6948.0
1434654503991 3 [0.67, 0.41, 0.71] [0.58, 0.5, 0.6] 24.0 0.0 8.0 20856.0 3.815964672E9 6948.0
1434654505012 3 [0.67, 0.41, 0.71] [0.58, 0.5, 0.6] 24.0 0.0 8.0 20856.0 3.815313408E9 6948.0
1434654506032 3 [0.69, 0.41, 0.71] [0.58, 0.5, 0.6] 24.0 0.0 8.0 20856.0 3.81556736E9 6948.0
1434654507052 3 [0.69, 0.41, 0.71] [0.58, 0.5, 0.6] 24.0 0.0 8.0 20856.0 3.816718336E9 6948.0
1434654508072 3 [0.69, 0.38, 0.65] [0.58, 0.49, 0.59] 24.0 0.0 8.0 20856.0 3.81595648E9 6948.0
1434654509091 3 [0.69, 0.38, 0.65] [0.58, 0.49, 0.59] 24.0 0.0 8.0 20856.0 3.815829504E9 6948.0
1434654510111 3 [0.69, 0.38, 0.65] [0.58, 0.49, 0.59] 24.0 0.0 8.0 20856.0 3.81595648E9 6948.0
1434654511131 3 [0.64, 0.38, 0.65] [0.57, 0.49, 0.59] 24.0 0.0 8.0 20856.0 3.815837696E9 6948.0
1434654512151 3 [0.64, 0.38, 0.65] [0.57, 0.49, 0.59] 24.0 0.0 8.0 20856.0 3.815964672E9 6948.0
1434654513170 3 [0.64, 0.35, 0.68] [0.57, 0.49, 0.59] 24.0 0.0 8.0 20856.0 3.815837696E9 6948.0
1434654514190 3 [0.64, 0.35, 0.68] [0.57, 0.49, 0.59] 24.0 0.0 8.0 20856.0 3.813552128E9 6948.0
1434654515210 3 [0.64, 0.35, 0.68] [0.57, 0.49, 0.59] 24.0 0.0 8.0 20856.0 3.814424576E9 6948.0
1434654516229 3 [0.75, 0.35, 0.68] [0.6, 0.49, 0.59] 24.0 0.0 8.0 20856.0 3.814170624E9 6948.0
1434654517249 3 [0.75, 0.35, 0.68] [0.6, 0.49, 0.59] 24.0 0.0 8.0 20856.0 3.81405184E9 6948.0
1434654518268 3 [0.75, 0.32, 0.62] [0.6, 0.48, 0.58] 24.0 0.0 8.0 20856.0 3.813797888E9 6948.0
1434654519287 3 [0.75, 0.32, 0.62] [0.6, 0.48, 0.58] 24.0 0.0 8.0 20856.0 3.813797888E9 6948.0
1434654520308 3 [0.75, 0.32, 0.62] [0.6, 0.48, 0.58] 24.0 0.0 8.0 20856.0 3.813797888E9 6948.0
1434654521328 3 [0.69, 0.32, 0.62] [0.59, 0.48, 0.58] 24.0 0.0 8.0 20856.0 3.81380608E9 6948.0
1434654522348 3 [0.69, 0.37, 0.62] [0.59, 0.49, 0.58] 24.0 0.0 8.0 20856.0 3.813916672E9 6948.0
1434654523369 3 [0.69, 0.37, 0.57] [0.59, 0.49, 0.57] 24.0 0.0 8.0 20856.0 3.813789696E9 6948.0
1434654524387 3 [0.69, 0.37, 0.57] [0.59, 0.49, 0.57] 24.0 0.0 8.0 20856.0 3.814678528E9 6948.0
1434654525406 3 [0.63, 0.37, 0.57] [0.58, 0.49, 0.57] 24.0 0.0 8.0 20856.0 3.814424576E9 6948.0
1434654526425 3 [0.63, 0.37, 0.57] [0.58, 0.49, 0.57] 24.0 0.0 8.0 20856.0 3.814170624E9 6948.0
1434654527444 3 [0.63, 0.35, 0.57] [0.58, 0.48, 0.57] 24.0 0.0 8.0 20856.0 3.814178816E9 6948.0
1434654528463 3 [0.63, 0.35, 0.69] [0.58, 0.48, 0.6] 24.0 0.0 8.0 20856.0 3.81405184E9 6948.0
1434654529482 3 [0.63, 0.35, 0.69] [0.58, 0.48, 0.6] 24.0 0.0 8.0 20856.0 3.81405184E9 6948.0
1434654530503 3 [0.66, 0.35, 0.69] [0.58, 0.48, 0.6] 24.0 0.0 8.0 20856.0 3.81405184E9 6948.0
1434654531524 3 [0.66, 0.35, 0.69] [0.58, 0.48, 0.6] 24.0 0.0 8.0 20856.0 3.814187008E9 6948.0
1434654532543 3 [0.66, 0.48, 0.69] [0.58, 0.5, 0.6] 24.0 0.0 8.0 20856.0 3.814187008E9 6948.0
1434654533564 3 [0.66, 0.48, 0.63] [0.58, 0.5, 0.59] 24.0 0.0 8.0 20856.0 3.814838272E9 6948.0
1434654534585 3 [0.66, 0.48, 0.63] [0.58, 0.5, 0.59] 24.0 0.0 8.0 20856.0 3.814305792E9 6948.0
1434654535605 3 [0.69, 0.48, 0.63] [0.59, 0.5, 0.59] 24.0 0.0 8.0 20856.0 3.814170624E9 6948.0
1434654536624 3 [0.69, 0.48, 0.63] [0.59, 0.5, 0.59] 24.0 0.0 8.0 20856.0 3.814170624E9 6948.0
1434654537643 3 [0.69, 0.44, 0.63] [0.59, 0.49, 0.59] 24.0 0.0 8.0 20856.0 3.814178816E9 6948.0
1434654538662 3 [0.69, 0.44, 0.66] [0.59, 0.49, 0.59] 24.0 0.0 8.0 20856.0 3.814178816E9 6948.0
1434654539681 3 [0.69, 0.44, 0.66] [0.59, 0.49, 0.59] 24.0 0.0 8.0 20856.0 3.814178816E9 6948.0
1434654540700 3 [0.71, 0.44, 0.66] [0.6, 0.49, 0.59] 24.0 0.0 8.0 20856.0 3.814187008E9 6948.0
1434654541721 3 [0.71, 0.44, 0.66] [0.6, 0.49, 0.59] 24.0 0.0 8.0 20856.0 3.813535744E9 6948.0
1434654542742 3 [0.71, 0.48, 0.66] [0.6, 0.5, 0.59] 24.0 0.0 8.0 20856.0 3.813584896E9 6948.0
1434654543762 3 [0.71, 0.48, 0.61] [0.6, 0.5, 0.58] 24.0 0.0 8.0 20856.0 3.813433344E9 6948.0
1434654544781 3 [0.71, 0.48, 0.61] [0.6, 0.5, 0.58] 24.0 0.0 8.0 20856.0 3.81341696E9 6948.0
1434654545802 3 [0.66, 0.48, 0.61] [0.59, 0.5, 0.58] 24.0 0.0 8.0 20856.0 3.813543936E9 6948.0
1434654546824 3 [0.66, 0.48, 0.61] [0.59, 0.5, 0.58] 24.0 0.0 8.0 20856.0 3.813552128E9 6948.0
1434654547843 3 [0.66, 0.45, 0.61] [0.59, 0.49, 0.58] 24.0 0.0 8.0 20856.0 3.813552128E9 6948.0
1434654548862 3 [0.66, 0.45, 0.64] [0.59, 0.49, 0.59] 24.0 0.0 8.0 20856.0 3.813552128E9 6948.0
1434654549880 3 [0.66, 0.45, 0.64] [0.59, 0.49, 0.59] 24.0 0.0 8.0 20856.0 3.814060032E9 6948.0
1434654550900 3 [1.24, 0.45, 0.64] [0.71, 0.49, 0.59] 24.0 0.0 8.0 20856.0 3.813941248E9 6948.0
1434654551922 3 [1.24, 0.45, 0.64] [0.71, 0.49, 0.59] 24.0 0.0 8.0 20856.0 3.813797888E9 6948.0
1434654552941 3 [1.24, 1.05, 0.64] [0.71, 0.62, 0.59] 24.0 0.0 8.0 20856.0 3.813797888E9 6948.0
1434654553960 3 [1.24, 1.05, 1.23] [0.71, 0.62, 0.71] 24.0 0.0 8.0 20856.0 3.81380608E9 6948.0
1434654554980 3 [1.24, 1.05, 1.23] [0.71, 0.62, 0.71] 24.0 0.0 8.0 20856.0 3.813797888E9 6948.0
1434654556001 3 [1.14, 1.05, 1.23] [0.7, 0.62, 0.71] 24.0 0.0 8.0 20856.0 3.813797888E9 6948.0
1434654557020 3 [1.14, 1.05, 1.23] [0.7, 0.62, 0.71] 24.0 0.0 8.0 20856.0 3.813933056E9 6948.0
1434654558039 3 [1.14, 0.97, 1.13] [0.7, 0.61, 0.7] 24.0 0.0 8.0 20856.0 3.813933056E9 6948.0
1434654559059 3 [1.14, 0.97, 1.13] [0.7, 0.61, 0.7] 24.0 0.0 8.0 20856.0 3.813552128E9 6948.0
1434654560078 3 [1.14, 0.97, 1.13] [0.7, 0.61, 0.7] 24.0 0.0 8.0 20856.0 3.813425152E9 6948.0
1434654561098 3 [1.13, 0.97, 1.13] [0.7, 0.61, 0.7] 24.0 0.0 8.0 20856.0 3.81356032E9 6948.0
1434654562117 3 [1.13, 0.97, 1.13] [0.7, 0.61, 0.7] 24.0 0.0 8.0 20856.0 3.813433344E9 6948.0
1434654563136 3 [1.13, 0.97, 1.12] [0.7, 0.62, 0.71] 24.0 0.0 8.0 20856.0 3.813433344E9 6948.0
1434654564155 3 [1.13, 0.97, 1.12] [0.7, 0.62, 0.71] 24.0 0.0 8.0 20856.0 3.81356032E9 6948.0
1434654565175 3 [1.13, 0.97, 1.12] [0.7, 0.62, 0.71] 24.0 0.0 8.0 20856.0 3.813670912E9 6948.0
1434654566194 3 [1.04, 0.97, 1.12] [0.69, 0.62, 0.71] 24.0 0.0 8.0 20856.0 3.813679104E9 6948.0
1434654567214 3 [1.04, 0.97, 1.12] [0.69, 0.62, 0.71] 24.0 0.0 8.0 20856.0 3.813392384E9 6948.0
1434654568233 3 [1.04, 0.89, 1.03] [0.69, 0.6, 0.7] 24.0 0.0 8.0 20856.0 3.813425152E9 6948.0
1434654569254 3 [1.04, 0.89, 1.03] [0.69, 0.6, 0.7] 24.0 0.0 8.0 20856.0 3.813298176E9 6948.0
1434654570273 3 [1.04, 0.89, 1.03] [0.69, 0.6, 0.7] 24.0 0.0 8.0 20856.0 3.813298176E9 6948.0
1434654571292 3 [0.96, 0.89, 1.03] [0.68, 0.6, 0.7] 24.0 0.0 8.0 20856.0 3.813306368E9 6948.0
1434654572310 3 [0.96, 0.89, 1.03] [0.68, 0.6, 0.7] 24.0 0.0 8.0 20856.0 3.813433344E9 6948.0
1434654573339 3 [0.96, 1.22, 0.95] [0.68, 0.68, 0.68] 24.0 0.0 8.0 20856.0 3.813433344E9 6948.0
1434654574359 3 [0.96, 1.22, 0.95] [0.68, 0.68, 0.68] 24.0 0.0 8.0 20856.0 3.81394944E9 6948.0
1434654575380 3 [0.96, 1.22, 0.95] [0.68, 0.68, 0.68] 24.0 0.0 8.0 20856.0 3.813670912E9 6948.0
1434654576399 3 [0.88, 1.22, 0.95] [0.67, 0.68, 0.68] 24.0 0.0 8.0 20856.0 3.813670912E9 6948.0
1434654577418 3 [0.88, 1.12, 0.95] [0.67, 0.67, 0.68] 24.0 0.0 8.0 20856.0 3.813425152E9 6948.0
1434654578438 3 [0.88, 1.12, 0.95] [0.67, 0.67, 0.69] 24.0 0.0 8.0 20856.0 3.813552128E9 6948.0
1434654579479 3 [0.88, 1.12, 0.95] [0.67, 0.67, 0.69] 24.0 0.0 8.0 20856.0 3.813425152E9 6948.0
1434654580498 3 [0.89, 1.12, 0.95] [0.68, 0.67, 0.69] 24.0 0.0 8.0 20856.0 3.813425152E9 6948.0
1434654581517 3 [0.89, 1.12, 0.95] [0.68, 0.67, 0.69] 24.0 0.0 8.0 20856.0 3.81444096E9 6948.0
1434654582536 3 [0.89, 1.11, 0.95] [0.68, 0.67, 0.69] 24.0 0.0 8.0 20856.0 3.813924864E9 6948.0
1434654583556 3 [0.89, 1.11, 0.96] [0.68, 0.67, 0.69] 24.0 0.0 8.0 20856.0 3.813797888E9 6948.0
1434654584576 3 [0.89, 1.11, 0.96] [0.68, 0.67, 0.69] 24.0 0.0 8.0 20856.0 3.813679104E9 6948.0
1434654585596 3 [0.82, 1.11, 0.96] [0.66, 0.67, 0.69] 24.0 0.0 8.0 20856.0 3.813543936E9 6948.0
1434654586615 3 [0.82, 1.11, 0.96] [0.66, 0.67, 0.69] 24.0 0.0 8.0 20856.0 3.813670912E9 6948.0
1434654587634 3 [0.82, 1.02, 0.96] [0.66, 0.66, 0.69] 24.0 0.0 8.0 20856.0 3.813552128E9 6948.0
1434654588651 3 [0.82, 1.02, 1.04] [0.66, 0.66, 0.72] 24.0 0.0 8.0 20856.0 3.813679104E9 6948.0
1434654589671 3 [0.82, 1.02, 1.04] [0.66, 0.66, 0.72] 24.0 0.0 8.0 20856.0 3.814694912E9 6948.0
1434654590690 3 [0.83, 1.02, 1.04] [0.67, 0.66, 0.72] 24.0 0.0 8.0 20856.0 3.81458432E9 6948.0
1434654591708 3 [0.83, 1.02, 1.04] [0.67, 0.66, 0.72] 24.0 0.0 8.0 20856.0 3.813974016E9 6948.0
1434654592727 3 [0.83, 1.02, 1.04] [0.67, 0.67, 0.72] 24.0 0.0 8.0 20856.0 3.813814272E9 6948.0
1434654593747 3 [0.83, 1.02, 0.96] [0.67, 0.67, 0.7] 24.0 0.0 8.0 20856.0 3.813941248E9 6948.0
1434654594766 3 [0.83, 1.02, 0.96] [0.67, 0.67, 0.7] 24.0 0.0 8.0 20856.0 3.813924864E9 6948.0
1434654595785 3 [0.85, 1.02, 0.96] [0.68, 0.67, 0.7] 24.0 0.0 8.0 20856.0 3.813924864E9 6948.0
1434654596806 3 [0.85, 1.02, 0.96] [0.68, 0.67, 0.7] 24.0 0.0 8.0 20856.0 3.813933056E9 6948.0
1434654597825 3 [0.85, 0.94, 0.96] [0.68, 0.66, 0.7] 24.0 0.0 8.0 20856.0 3.81380608E9 6948.0
1434654598845 3 [0.85, 0.94, 0.96] [0.68, 0.66, 0.71] 24.0 0.0 8.0 20856.0 3.814313984E9 6948.0
1434654599865 3 [0.85, 0.94, 0.96] [0.68, 0.66, 0.71] 24.0 0.0 8.0 20856.0 3.813933056E9 6948.0
1434654600885 3 [0.86, 0.94, 0.96] [0.68, 0.66, 0.71] 24.0 0.0 8.0 20856.0 3.813941248E9 6948.0
1434654601904 3 [0.86, 0.94, 0.96] [0.68, 0.66, 0.71] 24.0 0.0 8.0 20856.0 3.813941248E9 6948.0
1434654602923 3 [0.86, 0.94, 0.96] [0.68, 0.66, 0.71] 24.0 0.0 8.0 20856.0 3.814068224E9 6948.0
1434654603940 3 [0.86, 0.94, 0.96] [0.68, 0.66, 0.71] 24.0 0.0 8.0 20856.0 3.813941248E9 6948.0
1434654604959 3 [0.86, 0.94, 0.96] [0.68, 0.66, 0.71] 24.0 0.0 8.0 20856.0 3.813797888E9 6948.0
1434654605978 3 [0.79, 0.94, 0.96] [0.67, 0.66, 0.71] 24.0 0.0 8.0 20856.0 3.813797888E9 6948.0
1434654606998 3 [0.79, 0.94, 0.96] [0.67, 0.66, 0.71] 24.0 0.0 8.0 20856.0 3.814821888E9 6948.0
1434654608019 3 [0.79, 0.87, 0.96] [0.67, 0.65, 0.71] 24.0 0.0 8.0 20856.0 3.814187008E9 6948.0
1434654609040 3 [0.79, 0.87, 0.89] [0.67, 0.65, 0.7] 24.0 0.0 8.0 20856.0 3.814060032E9 6948.0
1434654610059 3 [0.79, 0.87, 0.89] [0.67, 0.65, 0.7] 24.0 0.0 8.0 20856.0 3.814187008E9 6948.0
1434654611078 3 [0.81, 0.87, 0.89] [0.67, 0.65, 0.7] 24.0 0.0 8.0 20856.0 3.8141952E9 6948.0
1434654612098 3 [0.81, 0.87, 0.89] [0.67, 0.65, 0.7] 24.0 0.0 8.0 20856.0 3.813924864E9 6948.0
1434654613117 3 [0.81, 1.52, 0.9] [0.67, 0.79, 0.71] 24.0 0.0 8.0 20856.0 3.813924864E9 6948.0
1434654614136 3 [0.81, 1.52, 0.9] [0.67, 0.79, 0.71] 24.0 0.0 8.0 20856.0 3.814313984E9 6948.0
1434654615157 3 [0.81, 1.52, 0.9] [0.67, 0.79, 0.71] 24.0 0.0 8.0 20856.0 3.813892096E9 6948.0
1434654616178 3 [0.74, 1.52, 0.9] [0.66, 0.79, 0.71] 24.0 0.0 8.0 20856.0 3.813543936E9 6948.0
1434654617197 3 [0.74, 1.52, 0.9] [0.66, 0.79, 0.71] 24.0 0.0 8.0 20856.0 3.81380608E9 6948.0
1434654618216 3 [0.74, 1.4, 0.82] [0.66, 0.78, 0.7] 24.0 0.0 8.0 20856.0 3.813552128E9 6948.0
1434654619236 3 [0.74, 1.4, 0.82] [0.66, 0.78, 0.7] 24.0 0.0 8.0 20856.0 3.813552128E9 6948.0
1434654620255 3 [0.74, 1.4, 0.82] [0.66, 0.78, 0.7] 24.0 0.0 8.0 20856.0 3.813679104E9 6948.0
1434654621273 3 [0.76, 1.4, 0.82] [0.67, 0.78, 0.7] 24.0 0.0 8.0 20856.0 3.813687296E9 6948.0
1434654622292 3 [0.76, 1.4, 0.82] [0.67, 0.78, 0.7] 24.0 0.0 8.0 20856.0 3.813687296E9 6948.0
1434654623311 3 [0.76, 1.29, 1.4] [0.67, 0.76, 0.82] 24.0 0.0 8.0 20856.0 3.814322176E9 6948.0
1434654624330 3 [0.76, 1.29, 1.4] [0.67, 0.76, 0.82] 24.0 0.0 8.0 20856.0 3.814162432E9 6948.0
1434654625349 3 [0.76, 1.29, 1.4] [0.67, 0.76, 0.82] 24.0 0.0 8.0 20856.0 3.813797888E9 6948.0
1434654626368 3 [0.7, 1.29, 1.4] [0.66, 0.76, 0.82] 24.0 0.0 8.0 20856.0 3.813670912E9 6948.0
1434654627387 3 [0.7, 1.18, 1.4] [0.66, 0.75, 0.82] 24.0 0.0 8.0 20856.0 3.813679104E9 6948.0
1434654628406 3 [0.7, 1.18, 1.37] [0.66, 0.75, 0.82] 24.0 0.0 8.0 20856.0 3.813679104E9 6948.0
1434654629425 3 [0.7, 1.18, 1.37] [0.66, 0.75, 0.82] 24.0 0.0 8.0 20856.0 3.813679104E9 6948.0
1434654630444 3 [0.73, 1.18, 1.37] [0.66, 0.75, 0.82] 24.0 0.0 8.0 20856.0 3.81380608E9 6948.0
1434654631464 3 [0.73, 1.18, 1.37] [0.66, 0.75, 0.82] 24.0 0.0 8.0 20856.0 3.81458432E9 6948.0
1434654632484 3 [0.73, 1.17, 1.37] [0.66, 0.75, 0.82] 24.0 0.0 8.0 20856.0 3.814068224E9 6948.0
1434654633503 3 [0.73, 1.17, 1.26] [0.66, 0.75, 0.81] 24.0 0.0 8.0 20856.0 3.813941248E9 6948.0
1434654634522 3 [0.73, 1.17, 1.26] [0.66, 0.75, 0.81] 24.0 0.0 8.0 20856.0 3.813814272E9 6948.0
1434654635541 3 [0.75, 1.17, 1.26] [0.67, 0.75, 0.81] 24.0 0.0 8.0 20856.0 3.813797888E9 6948.0
1434654636559 3 [0.75, 1.17, 1.26] [0.67, 0.75, 0.81] 24.0 0.0 8.0 20856.0 3.813797888E9 6948.0
1434654637577 3 [0.75, 1.16, 1.26] [0.67, 0.76, 0.81] 24.0 0.0 8.0 20856.0 3.81380608E9 6948.0
1434654638596 3 [0.75, 1.16, 1.16] [0.67, 0.76, 0.79] 24.0 0.0 8.0 20856.0 3.813933056E9 6948.0
1434654639616 3 [0.75, 1.16, 1.16] [0.67, 0.76, 0.79] 24.0 0.0 8.0 20856.0 3.814694912E9 6948.0
1434654640635 3 [0.77, 1.16, 1.16] [0.67, 0.76, 0.79] 24.0 0.0 8.0 20856.0 3.814313984E9 6948.0
1434654641654 3 [0.77, 1.16, 1.16] [0.67, 0.76, 0.79] 24.0 0.0 8.0 20856.0 3.814068224E9 6948.0
1434654642673 3 [0.77, 1.06, 1.16] [0.67, 0.75, 0.79] 24.0 0.0 8.0 20856.0 3.813924864E9 6948.0
1434654643693 3 [0.77, 1.06, 1.06] [0.67, 0.75, 0.78] 24.0 0.0 8.0 20856.0 3.811774464E9 6948.0
1434654644713 3 [0.77, 1.06, 1.06] [0.67, 0.75, 0.78] 24.0 0.0 8.0 20856.0 3.811647488E9 6948.0
1434654645732 3 [0.71, 1.06, 1.06] [0.66, 0.75, 0.78] 24.0 0.0 8.0 20856.0 3.811639296E9 6948.0
1434654646751 3 [0.71, 1.06, 1.06] [0.66, 0.75, 0.78] 24.0 0.0 8.0 20856.0 3.81233152E9 6948.0
1434654647772 3 [0.71, 0.98, 1.06] [0.66, 0.73, 0.78] 24.0 0.0 8.0 20856.0 3.811680256E9 6948.0
1434654648791 3 [0.71, 0.98, 1.06] [0.66, 0.73, 0.78] 24.0 0.0 8.0 20856.0 3.811680256E9 6948.0
1434654649810 3 [0.71, 0.98, 1.06] [0.66, 0.73, 0.78] 24.0 0.0 8.0 20856.0 3.811520512E9 6948.0
1434654650829 3 [0.73, 0.98, 1.06] [0.67, 0.73, 0.78] 24.0 0.0 8.0 20856.0 3.811434496E9 6948.0
1434654651849 3 [0.73, 0.98, 1.06] [0.67, 0.73, 0.78] 24.0 0.0 8.0 20856.0 3.81130752E9 6948.0
1434654652874 3 [0.73, 0.9, 1.06] [0.67, 0.72, 0.78] 24.0 0.0 8.0 20856.0 3.811434496E9 6948.0
1434654653892 3 [0.73, 0.9, 1.05] [0.67, 0.72, 0.79] 24.0 0.0 8.0 20856.0 3.811434496E9 6948.0
1434654654912 3 [0.73, 0.9, 1.05] [0.67, 0.72, 0.79] 24.0 0.0 8.0 20856.0 3.811545088E9 6948.0
1434654655930 3 [0.67, 0.9, 1.05] [0.66, 0.72, 0.79] 24.0 0.0 8.0 20856.0 3.811291136E9 6948.0
1434654656949 3 [0.67, 0.9, 1.05] [0.66, 0.72, 0.79] 24.0 0.0 8.0 20856.0 3.81155328E9 6948.0
1434654657970 3 [0.67, 0.83, 1.05] [0.66, 0.71, 0.79] 24.0 0.0 8.0 20856.0 3.811299328E9 6948.0
1434654658990 3 [0.67, 0.83, 0.97] [0.66, 0.71, 0.77] 24.0 0.0 8.0 20856.0 3.811172352E9 6948.0
1434654660010 3 [0.67, 0.83, 0.97] [0.66, 0.71, 0.77] 24.0 0.0 8.0 20856.0 3.811299328E9 6948.0
1434654661029 3 [0.7, 0.83, 0.97] [0.66, 0.71, 0.77] 24.0 0.0 8.0 20856.0 3.811180544E9 6948.0
1434654662048 3 [0.7, 0.83, 0.97] [0.66, 0.71, 0.77] 24.0 0.0 8.0 20856.0 3.811180544E9 6948.0
1434654663067 3 [0.7, 0.92, 0.97] [0.66, 0.73, 0.77] 24.0 0.0 8.0 20856.0 3.81130752E9 6948.0
1434654664086 3 [0.7, 0.92, 0.89] [0.66, 0.73, 0.76] 24.0 0.0 8.0 20856.0 3.812323328E9 6948.0
1434654665105 3 [0.7, 0.92, 0.89] [0.66, 0.73, 0.76] 24.0 0.0 8.0 20856.0 3.811672064E9 6948.0
1434654666123 3 [0.72, 0.92, 0.89] [0.67, 0.73, 0.76] 24.0 0.0 8.0 20856.0 3.811545088E9 6948.0
1434654667143 3 [0.72, 0.92, 0.89] [0.67, 0.73, 0.76] 24.0 0.0 8.0 20856.0 3.811299328E9 6948.0
1434654668162 3 [0.72, 0.93, 0.82] [0.67, 0.73, 0.75] 24.0 0.0 8.0 20856.0 3.811426304E9 6948.0
1434654669181 3 [0.72, 0.93, 0.82] [0.67, 0.73, 0.75] 24.0 0.0 8.0 20856.0 3.811426304E9 6948.0
1434654670201 3 [0.72, 0.93, 0.82] [0.67, 0.73, 0.75] 24.0 0.0 8.0 20856.0 3.811426304E9 6948.0
1434654671221 3 [0.66, 0.93, 0.82] [0.66, 0.73, 0.75] 24.0 0.0 8.0 20856.0 3.811434496E9 6948.0
1434654672240 3 [0.66, 0.93, 0.82] [0.66, 0.73, 0.75] 24.0 0.0 8.0 20856.0 3.811545088E9 6948.0
1434654673259 3 [0.66, 0.93, 0.83] [0.66, 0.74, 0.75] 24.0 0.0 8.0 20856.0 3.811385344E9 6948.0
1434654674278 3 [0.66, 0.93, 0.83] [0.66, 0.74, 0.75] 24.0 0.0 8.0 20856.0 3.81155328E9 6948.0
1434654675297 3 [0.66, 0.93, 0.83] [0.66, 0.74, 0.75] 24.0 0.0 8.0 20856.0 3.811418112E9 6948.0
1434654676317 3 [0.69, 0.93, 0.83] [0.66, 0.74, 0.75] 24.0 0.0 8.0 20856.0 3.811291136E9 6948.0
1434654677337 3 [0.69, 0.93, 0.83] [0.66, 0.74, 0.75] 24.0 0.0 8.0 20856.0 3.811426304E9 6948.0
1434654678355 3 [0.69, 0.86, 0.77] [0.66, 0.73, 0.74] 24.0 0.0 8.0 20856.0 3.81155328E9 6948.0
1434654679375 3 [0.69, 0.86, 0.77] [0.66, 0.73, 0.74] 24.0 0.0 8.0 20856.0 3.812052992E9 6948.0
1434654680395 3 [0.69, 0.86, 0.77] [0.66, 0.73, 0.74] 24.0 0.0 8.0 20856.0 3.811934208E9 6948.0
1434654681416 3 [0.64, 0.86, 0.77] [0.65, 0.73, 0.74] 24.0 0.0 8.0 20856.0 3.811815424E9 6948.0
1434654682434 3 [0.64, 0.87, 0.77] [0.65, 0.73, 0.74] 24.0 0.0 8.0 20856.0 3.8119424E9 6948.0
1434654683452 3 [0.64, 0.87, 0.95] [0.65, 0.73, 0.78] 24.0 0.0 8.0 20856.0 3.8119424E9 6948.0
1434654684471 3 [0.64, 0.87, 0.95] [0.65, 0.73, 0.78] 24.0 0.0 8.0 20856.0 3.8119424E9 6948.0
1434654685490 3 [1.07, 0.87, 0.95] [0.74, 0.73, 0.78] 24.0 0.0 8.0 20856.0 3.811926016E9 6948.0
1434654686509 3 [1.07, 0.87, 0.95] [0.74, 0.73, 0.78] 24.0 0.0 8.0 20856.0 3.811672064E9 6948.0
1434654687529 3 [1.07, 0.8, 0.95] [0.74, 0.72, 0.78] 24.0 0.0 8.0 20856.0 3.811680256E9 6948.0
1434654688548 3 [1.07, 0.8, 0.95] [0.74, 0.72, 0.78] 24.0 0.0 8.0 20856.0 3.81155328E9 6948.0
1434654689568 3 [1.07, 0.8, 0.95] [0.74, 0.72, 0.78] 24.0 0.0 8.0 20856.0 3.811426304E9 6948.0
1434654690587 3 [1.06, 0.8, 0.95] [0.75, 0.72, 0.78] 24.0 0.0 8.0 20856.0 3.811299328E9 6948.0
1434654691607 3 [1.06, 0.8, 0.95] [0.75, 0.72, 0.78] 24.0 0.0 8.0 20856.0 3.811434496E9 6948.0
1434654692627 3 [1.06, 0.9, 0.95] [0.75, 0.74, 0.78] 24.0 0.0 8.0 20856.0 3.81130752E9 6948.0
1434654693646 3 [1.06, 0.9, 0.87] [0.75, 0.74, 0.77] 24.0 0.0 8.0 20856.0 3.81130752E9 6948.0
1434654694666 3 [1.06, 0.9, 0.87] [0.75, 0.74, 0.77] 24.0 0.0 8.0 20856.0 3.812196352E9 6948.0
1434654695684 3 [1.14, 0.9, 0.87] [0.77, 0.74, 0.77] 24.0 0.0 8.0 20856.0 3.811672064E9 6948.0
1434654696705 3 [1.14, 0.9, 0.87] [0.77, 0.74, 0.77] 24.0 0.0 8.0 20856.0 3.811680256E9 6948.0
1434654697724 3 [1.14, 0.82, 0.87] [0.77, 0.73, 0.77] 24.0 0.0 8.0 20856.0 3.811680256E9 6948.0
1434654698743 3 [1.14, 0.82, 0.89] [0.77, 0.73, 0.77] 24.0 0.0 8.0 20856.0 3.81233152E9 6948.0
1434654699762 3 [1.14, 0.82, 0.89] [0.77, 0.73, 0.77] 24.0 0.0 8.0 20856.0 3.81233152E9 6948.0
1434654700782 3 [1.04, 0.82, 0.89] [0.75, 0.73, 0.77] 24.0 0.0 8.0 20856.0 3.812339712E9 6948.0
1434654701799 3 [1.04, 0.82, 0.89] [0.75, 0.73, 0.77] 24.0 0.0 8.0 20856.0 3.812323328E9 6948.0
1434654702820 3 [1.04, 0.76, 0.89] [0.75, 0.72, 0.77] 24.0 0.0 8.0 20856.0 3.812450304E9 6948.0
1434654703839 3 [1.04, 0.76, 0.89] [0.75, 0.72, 0.78] 24.0 0.0 8.0 20856.0 3.812458496E9 6948.0
1434654704858 3 [1.04, 0.76, 0.89] [0.75, 0.72, 0.78] 24.0 0.0 8.0 20856.0 3.812450304E9 6948.0
1434654705877 3 [1.04, 0.76, 0.89] [0.76, 0.72, 0.78] 24.0 0.0 8.0 20856.0 3.812450304E9 6948.0
1434654706896 3 [1.04, 0.76, 0.89] [0.76, 0.72, 0.78] 24.0 0.0 8.0 20856.0 3.812458496E9 6948.0
1434654707915 3 [1.04, 0.7, 0.89] [0.76, 0.7, 0.78] 24.0 0.0 8.0 20856.0 3.811807232E9 6948.0
1434654708934 3 [1.04, 0.7, 0.9] [0.76, 0.7, 0.78] 24.0 0.0 8.0 20856.0 3.811426304E9 6948.0
1434654709953 3 [1.04, 0.7, 0.9] [0.76, 0.7, 0.78] 24.0 0.0 8.0 20856.0 3.81155328E9 6948.0
1434654710972 3 [1.04, 0.7, 0.9] [0.76, 0.7, 0.78] 24.0 0.0 8.0 20856.0 3.811688448E9 6948.0
1434654711992 3 [1.04, 0.7, 0.9] [0.76, 0.7, 0.78] 24.0 0.0 8.0 20856.0 3.810783232E9 6948.0
1434654713015 3 [1.04, 0.72, 0.9] [0.76, 0.71, 0.78] 24.0 0.0 8.0 20856.0 3.810783232E9 6948.0
1434654714034 3 [1.04, 0.72, 0.91] [0.76, 0.71, 0.78] 24.0 0.0 8.0 20856.0 3.810799616E9 6948.0
1434654715053 3 [1.04, 0.72, 0.91] [0.76, 0.71, 0.78] 24.0 0.0 8.0 20856.0 3.810783232E9 6948.0
1434654716073 3 [1.12, 0.72, 0.91] [0.78, 0.71, 0.78] 24.0 0.0 8.0 20856.0 3.810783232E9 6948.0
1434654717093 3 [1.12, 0.72, 0.91] [0.78, 0.71, 0.78] 24.0 0.0 8.0 20856.0 3.8109184E9 6948.0
1434654718113 3 [1.12, 0.66, 0.91] [0.78, 0.7, 0.78] 24.0 0.0 8.0 20856.0 3.811299328E9 6948.0
1434654719134 3 [1.12, 0.66, 0.84] [0.78, 0.7, 0.77] 24.0 0.0 8.0 20856.0 3.811139584E9 6948.0
1434654720154 3 [1.12, 0.66, 0.84] [0.78, 0.7, 0.77] 24.0 0.0 8.0 20856.0 3.811172352E9 6948.0
1434654721173 3 [1.03, 0.66, 0.84] [0.77, 0.7, 0.77] 24.0 0.0 8.0 20856.0 3.811053568E9 6948.0
1434654722192 3 [1.03, 0.66, 0.84] [0.77, 0.7, 0.77] 24.0 0.0 8.0 20856.0 3.811053568E9 6948.0
1434654723212 3 [1.03, 0.69, 0.93] [0.77, 0.7, 0.79] 24.0 0.0 8.0 20856.0 3.811180544E9 6948.0
1434654724231 3 [1.03, 0.69, 0.93] [0.77, 0.7, 0.79] 24.0 0.0 8.0 20856.0 3.810275328E9 6948.0
1434654725250 3 [1.03, 0.69, 0.93] [0.77, 0.7, 0.79] 24.0 0.0 8.0 20856.0 3.810004992E9 6948.0
1434654726271 3 [1.1, 0.69, 0.93] [0.79, 0.7, 0.79] 24.0 0.0 8.0 20856.0 3.81038592E9 6948.0
1434654727290 3 [1.1, 0.69, 0.93] [0.79, 0.7, 0.79] 24.0 0.0 8.0 20856.0 3.81014016E9 6948.0
1434654728311 3 [1.1, 0.64, 0.86] [0.79, 0.69, 0.78] 24.0 0.0 8.0 20856.0 3.810013184E9 6948.0
1434654729332 3 [1.1, 0.64, 0.86] [0.79, 0.69, 0.78] 24.0 0.0 8.0 20856.0 3.810013184E9 6948.0
1434654730353 3 [1.1, 0.64, 0.86] [0.79, 0.69, 0.78] 24.0 0.0 8.0 20856.0 3.810013184E9 6948.0
1434654731373 3 [1.1, 0.64, 0.86] [0.79, 0.69, 0.78] 24.0 0.0 8.0 20856.0 3.810410496E9 6948.0
1434654732393 3 [1.1, 0.64, 0.86] [0.79, 0.69, 0.78] 24.0 0.0 8.0 20856.0 3.810258944E9 6948.0
1434654733413 3 [1.1, 0.67, 0.87] [0.79, 0.7, 0.78] 24.0 0.0 8.0 20856.0 3.810639872E9 6948.0
1434654734430 3 [1.1, 0.67, 0.87] [0.79, 0.7, 0.78] 24.0 0.0 8.0 20856.0 3.810648064E9 6948.0
1434654735448 3 [1.1, 0.67, 0.87] [0.79, 0.7, 0.78] 24.0 0.0 8.0 20856.0 3.810258944E9 6948.0
1434654736467 3 [1.09, 0.67, 0.87] [0.8, 0.7, 0.78] 24.0 0.0 8.0 20856.0 3.810131968E9 6948.0
1434654737486 3 [1.09, 0.61, 0.87] [0.8, 0.68, 0.78] 24.0 0.0 8.0 20856.0 3.809886208E9 6948.0
1434654738504 3 [1.09, 0.61, 0.88] [0.8, 0.68, 0.78] 24.0 0.0 8.0 20856.0 3.810648064E9 6948.0
1434654739524 3 [1.09, 0.61, 0.88] [0.8, 0.68, 0.78] 24.0 0.0 8.0 20856.0 3.810394112E9 6948.0
1434654740544 3 [1.0, 0.61, 0.88] [0.78, 0.68, 0.78] 24.0 0.0 8.0 20856.0 3.810648064E9 6948.0
1434654741565 3 [1.0, 0.61, 0.88] [0.78, 0.68, 0.78] 24.0 0.0 8.0 20856.0 3.810656256E9 6948.0
1434654742584 3 [1.0, 0.64, 0.88] [0.78, 0.69, 0.78] 24.0 0.0 8.0 20856.0 3.810275328E9 6948.0
1434654743603 3 [1.0, 0.64, 0.81] [0.78, 0.69, 0.77] 24.0 0.0 8.0 20856.0 3.810275328E9 6948.0
1434654744625 3 [1.0, 0.64, 0.81] [0.78, 0.69, 0.77] 24.0 0.0 8.0 20856.0 3.810021376E9 6948.0
1434654745645 3 [1.08, 0.64, 0.81] [0.8, 0.69, 0.77] 24.0 0.0 8.0 20856.0 3.810004992E9 6948.0
1434654746664 3 [1.08, 0.64, 0.81] [0.8, 0.69, 0.77] 24.0 0.0 8.0 20856.0 3.810004992E9 6948.0
1434654747684 3 [1.08, 0.59, 0.81] [0.8, 0.68, 0.77] 24.0 0.0 8.0 20856.0 3.810394112E9 6948.0
1434654748701 3 [1.08, 0.59, 0.9] [0.8, 0.68, 0.79] 24.0 0.0 8.0 20856.0 3.810156544E9 6948.0
1434654749720 3 [1.08, 0.59, 0.9] [0.8, 0.68, 0.79] 24.0 0.0 8.0 20856.0 3.810123776E9 6948.0
1434654750740 3 [0.99, 0.59, 0.9] [0.79, 0.68, 0.79] 24.0 0.0 8.0 20856.0 3.8099968E9 6948.0
1434654751759 3 [0.99, 0.59, 0.9] [0.79, 0.68, 0.79] 24.0 0.0 8.0 20856.0 3.809878016E9 6948.0
1434654752777 3 [0.99, 0.62, 0.9] [0.79, 0.68, 0.79] 24.0 0.0 8.0 20856.0 3.809878016E9 6948.0
1434654753796 3 [0.99, 0.62, 0.83] [0.79, 0.68, 0.78] 24.0 0.0 8.0 20856.0 3.811536896E9 6948.0
1434654754816 3 [0.99, 0.62, 0.83] [0.79, 0.68, 0.78] 24.0 0.0 8.0 20856.0 3.810783232E9 6948.0
1434654755835 3 [1.0, 0.62, 0.83] [0.79, 0.68, 0.78] 24.0 0.0 8.0 20856.0 3.810496512E9 6948.0
1434654756854 3 [1.0, 0.62, 0.83] [0.79, 0.68, 0.78] 24.0 0.0 8.0 20856.0 3.810377728E9 6948.0
1434654757872 3 [1.0, 0.57, 0.83] [0.79, 0.67, 0.78] 24.0 0.0 8.0 20856.0 3.810504704E9 6948.0
1434654758891 3 [1.0, 0.57, 1.09] [0.79, 0.67, 0.83] 24.0 0.0 8.0 20856.0 3.810504704E9 6948.0
1434654759910 3 [1.0, 0.57, 1.09] [0.79, 0.67, 0.83] 24.0 0.0 8.0 20856.0 3.810377728E9 6948.0
1434654760930 3 [1.0, 0.57, 1.09] [0.8, 0.67, 0.83] 24.0 0.0 8.0 20856.0 3.81038592E9 6948.0
1434654761949 3 [1.0, 0.57, 1.09] [0.8, 0.67, 0.83] 24.0 0.0 8.0 20856.0 3.811147776E9 6948.0
1434654762969 3 [1.0, 0.53, 1.09] [0.8, 0.66, 0.83] 24.0 0.0 8.0 20856.0 3.810369536E9 6948.0
1434654763988 3 [1.0, 0.53, 1.08] [0.8, 0.66, 0.84] 24.0 0.0 8.0 20856.0 3.8099968E9 6948.0
1434654765007 3 [1.0, 0.53, 1.08] [0.8, 0.66, 0.84] 24.0 0.0 8.0 20856.0 3.809988608E9 6948.0
1434654766026 3 [1.0, 0.53, 1.08] [0.8, 0.66, 0.84] 24.0 0.0 8.0 20856.0 3.810115584E9 6948.0
1434654767047 3 [1.0, 0.53, 1.08] [0.8, 0.66, 0.84] 24.0 0.0 8.0 20856.0 3.810123776E9 6948.0
1434654768066 3 [1.0, 0.49, 1.08] [0.8, 0.65, 0.84] 24.0 0.0 8.0 20856.0 3.810766848E9 6948.0
1434654769086 3 [1.0, 0.49, 0.99] [0.8, 0.65, 0.82] 24.0 0.0 8.0 20856.0 3.81097984E9 6948.0
1434654770103 3 [1.0, 0.49, 0.99] [0.8, 0.65, 0.82] 24.0 0.0 8.0 20856.0 3.810504704E9 6948.0
1434654771123 3 [0.92, 0.49, 0.99] [0.79, 0.65, 0.82] 24.0 0.0 8.0 20856.0 3.810258944E9 6948.0
1434654772142 3 [0.92, 0.49, 0.99] [0.79, 0.65, 0.82] 24.0 0.0 8.0 20856.0 3.81038592E9 6948.0
1434654773161 3 [0.92, 0.53, 0.99] [0.79, 0.66, 0.82] 24.0 0.0 8.0 20856.0 3.810131968E9 6948.0
1434654774181 3 [0.92, 0.53, 0.91] [0.79, 0.66, 0.81] 24.0 0.0 8.0 20856.0 3.810131968E9 6948.0
1434654775202 3 [0.92, 0.53, 0.91] [0.79, 0.66, 0.81] 24.0 0.0 8.0 20856.0 3.809734656E9 6948.0
1434654776221 3 [1.0, 0.53, 0.91] [0.81, 0.66, 0.81] 24.0 0.0 8.0 20856.0 3.80932096E9 6948.0
1434654777241 3 [1.0, 0.53, 0.91] [0.81, 0.66, 0.81] 24.0 0.0 8.0 20856.0 3.810123776E9 6948.0
1434654778260 3 [1.0, 0.49, 0.84] [0.81, 0.65, 0.79] 24.0 0.0 8.0 20856.0 3.809869824E9 6948.0
1434654779280 3 [1.0, 0.49, 0.84] [0.81, 0.65, 0.79] 24.0 0.0 8.0 20856.0 3.809869824E9 6948.0
1434654780299 3 [1.0, 0.49, 0.84] [0.81, 0.65, 0.79] 24.0 0.0 8.0 20856.0 3.8099968E9 6948.0
1434654781318 3 [0.92, 0.49, 0.84] [0.79, 0.65, 0.79] 24.0 0.0 8.0 20856.0 3.809878016E9 6948.0
1434654782337 3 [0.92, 0.49, 0.84] [0.79, 0.65, 0.79] 24.0 0.0 8.0 20856.0 3.809878016E9 6948.0
1434654783358 3 [0.92, 0.45, 0.85] [0.79, 0.64, 0.8] 24.0 0.0 8.0 20856.0 3.810783232E9 6948.0
1434654784372 3 [0.92, 0.45, 0.85] [0.79, 0.64, 0.8] 24.0 0.0 8.0 20856.0 3.810258944E9 6948.0
1434654785391 3 [0.92, 0.45, 0.85] [0.79, 0.64, 0.8] 24.0 0.0 8.0 20856.0 3.809988608E9 6948.0
1434654786410 3 [0.93, 0.45, 0.85] [0.8, 0.64, 0.8] 24.0 0.0 8.0 20856.0 3.809988608E9 6948.0
1434654787429 3 [0.93, 0.45, 0.85] [0.8, 0.64, 0.8] 24.0 0.0 8.0 20856.0 3.8099968E9 6948.0
1434654788446 3 [0.93, 0.49, 0.86] [0.8, 0.64, 0.8] 24.0 0.0 8.0 20856.0 3.80872704E9 6948.0
1434654789467 3 [0.93, 0.49, 0.86] [0.8, 0.64, 0.8] 24.0 0.0 8.0 20856.0 3.807584256E9 6948.0
1434654790486 3 [0.93, 0.49, 0.86] [0.8, 0.64, 0.8] 24.0 0.0 8.0 20856.0 3.807584256E9 6948.0
1434654791505 3 [0.85, 0.49, 0.86] [0.78, 0.64, 0.8] 24.0 0.0 8.0 20856.0 3.808489472E9 6948.0
1434654792525 3 [0.85, 0.45, 0.86] [0.78, 0.63, 0.8] 24.0 0.0 8.0 20856.0 3.80776448E9 6948.0
1434654793545 3 [0.85, 0.45, 0.87] [0.78, 0.63, 0.81] 24.0 0.0 8.0 20856.0 3.80770304E9 6948.0
1434654794564 3 [0.85, 0.45, 0.87] [0.78, 0.63, 0.81] 24.0 0.0 8.0 20856.0 3.807711232E9 6948.0
1434654795583 3 [0.87, 0.45, 0.87] [0.79, 0.63, 0.81] 24.0 0.0 8.0 20856.0 3.807576064E9 6948.0
1434654796602 3 [0.87, 0.45, 0.87] [0.79, 0.63, 0.81] 24.0 0.0 8.0 20856.0 3.80770304E9 6948.0
1434654797621 3 [0.87, 0.58, 0.87] [0.79, 0.65, 0.81] 24.0 0.0 8.0 20856.0 3.807711232E9 6948.0
1434654798640 3 [0.87, 0.58, 0.88] [0.79, 0.65, 0.81] 24.0 0.0 8.0 20856.0 3.808980992E9 6948.0
1434654799659 3 [0.87, 0.58, 0.88] [0.79, 0.65, 0.81] 24.0 0.0 8.0 20856.0 3.808862208E9 6948.0
1434654800679 3 [0.96, 0.58, 0.88] [0.81, 0.65, 0.81] 24.0 0.0 8.0 20856.0 3.808346112E9 6948.0
1434654801698 3 [0.96, 0.58, 0.88] [0.81, 0.65, 0.81] 24.0 0.0 8.0 20856.0 3.808100352E9 6948.0
1434654802717 3 [0.96, 0.53, 0.88] [0.81, 0.64, 0.81] 24.0 0.0 8.0 20856.0 3.808100352E9 6948.0
1434654803736 3 [0.96, 0.53, 0.81] [0.81, 0.64, 0.8] 24.0 0.0 8.0 20856.0 3.808100352E9 6948.0
1434654804756 3 [0.96, 0.53, 0.81] [0.81, 0.64, 0.8] 24.0 0.0 8.0 20856.0 3.807830016E9 6948.0
1434654805774 3 [0.88, 0.53, 0.81] [0.79, 0.64, 0.8] 24.0 0.0 8.0 20856.0 3.807830016E9 6948.0
1434654806793 3 [0.88, 0.53, 0.81] [0.79, 0.64, 0.8] 24.0 0.0 8.0 20856.0 3.808600064E9 6948.0
1434654807812 3 [0.88, 0.57, 0.81] [0.79, 0.65, 0.8] 24.0 0.0 8.0 20856.0 3.807965184E9 6948.0
1434654808831 3 [0.88, 0.57, 0.83] [0.79, 0.65, 0.8] 24.0 0.0 8.0 20856.0 3.80809216E9 6948.0
1434654809852 3 [0.88, 0.57, 0.83] [0.79, 0.65, 0.8] 24.0 0.0 8.0 20856.0 3.807711232E9 6948.0
1434654810872 3 [0.97, 0.57, 0.83] [0.81, 0.65, 0.8] 24.0 0.0 8.0 20856.0 3.8078464E9 6948.0
1434654811891 3 [0.97, 0.57, 0.83] [0.81, 0.65, 0.8] 24.0 0.0 8.0 20856.0 3.807973376E9 6948.0
1434654812910 3 [0.97, 0.6, 0.83] [0.81, 0.65, 0.8] 24.0 0.0 8.0 20856.0 3.807973376E9 6948.0
1434654813931 3 [0.97, 0.6, 0.84] [0.81, 0.65, 0.8] 24.0 0.0 8.0 20856.0 3.80911616E9 6948.0
1434654814950 3 [0.97, 0.6, 0.84] [0.81, 0.65, 0.8] 24.0 0.0 8.0 20856.0 3.807670272E9 6948.0
1434654815969 3 [0.89, 0.6, 0.84] [0.8, 0.65, 0.8] 24.0 0.0 8.0 20856.0 3.807449088E9 6948.0
1434654816990 3 [0.89, 0.6, 0.84] [0.8, 0.65, 0.8] 24.0 0.0 8.0 20856.0 3.807584256E9 6948.0
1434654818008 3 [0.89, 0.55, 0.84] [0.8, 0.64, 0.8] 24.0 0.0 8.0 20856.0 3.807584256E9 6948.0
1434654819027 3 [0.89, 0.55, 0.78] [0.8, 0.64, 0.79] 24.0 0.0 8.0 20856.0 3.807584256E9 6948.0
1434654820047 3 [0.89, 0.55, 0.78] [0.8, 0.64, 0.79] 24.0 0.0 8.0 20856.0 3.808219136E9 6948.0
1434654821067 3 [0.9, 0.55, 0.78] [0.8, 0.64, 0.79] 24.0 0.0 8.0 20856.0 3.809497088E9 6948.0
1434654822087 3 [0.9, 0.55, 0.78] [0.8, 0.64, 0.79] 24.0 0.0 8.0 20856.0 3.808305152E9 6948.0
1434654823106 3 [0.9, 0.51, 0.78] [0.8, 0.63, 0.79] 24.0 0.0 8.0 20856.0 3.808083968E9 6948.0
1434654824125 3 [0.9, 0.51, 0.79] [0.8, 0.63, 0.79] 24.0 0.0 8.0 20856.0 3.80809216E9 6948.0
1434654825144 3 [0.9, 0.51, 0.79] [0.8, 0.63, 0.79] 24.0 0.0 8.0 20856.0 3.807956992E9 6948.0
1434654826163 3 [0.83, 0.51, 0.79] [0.79, 0.63, 0.79] 24.0 0.0 8.0 20856.0 3.807956992E9 6948.0
1434654827182 3 [0.83, 0.51, 0.79] [0.79, 0.63, 0.79] 24.0 0.0 8.0 20856.0 3.807838208E9 6948.0
1434654828201 3 [0.83, 0.55, 0.79] [0.79, 0.64, 0.79] 24.0 0.0 8.0 20856.0 3.807838208E9 6948.0
1434654829221 3 [0.83, 0.55, 0.73] [0.79, 0.64, 0.78] 24.0 0.0 8.0 20856.0 3.807965184E9 6948.0
1434654830241 3 [0.83, 0.55, 0.73] [0.79, 0.64, 0.78] 24.0 0.0 8.0 20856.0 3.807711232E9 6948.0
1434654831261 3 [0.84, 0.55, 0.73] [0.79, 0.64, 0.78] 24.0 0.0 8.0 20856.0 3.8078464E9 6948.0
1434654832279 3 [0.84, 0.55, 0.73] [0.79, 0.64, 0.78] 24.0 0.0 8.0 20856.0 3.8078464E9 6948.0
1434654833298 3 [0.84, 0.5, 0.67] [0.79, 0.63, 0.77] 24.0 0.0 8.0 20856.0 3.8078464E9 6948.0
1434654834315 3 [0.84, 0.5, 0.67] [0.79, 0.63, 0.77] 24.0 0.0 8.0 20856.0 3.807973376E9 6948.0
1434654835336 3 [0.84, 0.5, 0.67] [0.79, 0.63, 0.77] 24.0 0.0 8.0 20856.0 3.80833792E9 6948.0
1434654836356 3 [0.78, 0.5, 0.67] [0.78, 0.63, 0.77] 24.0 0.0 8.0 20856.0 3.808845824E9 6948.0
1434654837375 3 [0.78, 0.5, 0.67] [0.78, 0.63, 0.77] 24.0 0.0 8.0 20856.0 3.808346112E9 6948.0
1434654838393 3 [0.78, 0.62, 0.7] [0.78, 0.65, 0.77] 24.0 0.0 8.0 20856.0 3.80809216E9 6948.0
1434654839412 3 [0.78, 0.62, 0.7] [0.78, 0.65, 0.77] 24.0 0.0 8.0 20856.0 3.807965184E9 6948.0
1434654840431 3 [0.78, 0.62, 0.7] [0.78, 0.65, 0.77] 24.0 0.0 8.0 20856.0 3.807965184E9 6948.0
1434654841450 3 [0.79, 0.62, 0.7] [0.78, 0.65, 0.77] 24.0 0.0 8.0 20856.0 3.8078464E9 6948.0
1434654842471 3 [0.79, 0.62, 0.7] [0.78, 0.65, 0.77] 24.0 0.0 8.0 20856.0 3.808862208E9 6948.0
1434654843490 3 [0.79, 0.57, 0.64] [0.78, 0.64, 0.76] 24.0 0.0 8.0 20856.0 3.80950528E9 6948.0
1434654844510 3 [0.79, 0.57, 0.64] [0.78, 0.64, 0.76] 24.0 0.0 8.0 20856.0 3.808862208E9 6948.0
1434654845529 3 [0.79, 0.57, 0.64] [0.78, 0.64, 0.76] 24.0 0.0 8.0 20856.0 3.808464896E9 6948.0
1434654846550 3 [0.89, 0.57, 0.64] [0.8, 0.64, 0.76] 24.0 0.0 8.0 20856.0 3.80833792E9 6948.0
1434654847569 3 [0.89, 0.61, 0.64] [0.8, 0.65, 0.76] 24.0 0.0 8.0 20856.0 3.808219136E9 6948.0
1434654848589 3 [0.89, 0.61, 0.67] [0.8, 0.65, 0.76] 24.0 0.0 8.0 20856.0 3.80809216E9 6948.0
1434654849609 3 [0.89, 0.61, 0.67] [0.8, 0.65, 0.76] 24.0 0.0 8.0 20856.0 3.808219136E9 6948.0
1434654850628 3 [0.9, 0.61, 0.67] [0.81, 0.65, 0.76] 24.0 0.0 8.0 20856.0 3.808862208E9 6948.0
1434654851647 3 [0.9, 0.61, 0.67] [0.81, 0.65, 0.76] 24.0 0.0 8.0 20856.0 3.807678464E9 6948.0
1434654852666 3 [0.9, 0.56, 0.67] [0.81, 0.64, 0.76] 24.0 0.0 8.0 20856.0 3.807576064E9 6948.0
1434654853684 3 [0.9, 0.56, 0.62] [0.81, 0.64, 0.75] 24.0 0.0 8.0 20856.0 3.807576064E9 6948.0
1434654854704 3 [0.9, 0.56, 0.62] [0.81, 0.64, 0.75] 24.0 0.0 8.0 20856.0 3.806932992E9 6948.0
1434654855723 3 [0.83, 0.56, 0.62] [0.79, 0.64, 0.75] 24.0 0.0 8.0 20856.0 3.806814208E9 6948.0
1434654856742 3 [0.83, 0.56, 0.62] [0.79, 0.64, 0.75] 24.0 0.0 8.0 20856.0 3.806941184E9 6948.0
1434654857760 3 [0.83, 0.59, 0.62] [0.79, 0.64, 0.75] 24.0 0.0 8.0 20856.0 3.807076352E9 6948.0
1434654858779 3 [0.83, 0.59, 0.73] [0.79, 0.64, 0.77] 24.0 0.0 8.0 20856.0 3.808473088E9 6948.0
1434654859799 3 [0.83, 0.59, 0.73] [0.79, 0.64, 0.77] 24.0 0.0 8.0 20856.0 3.808219136E9 6948.0
1434654860818 3 [0.92, 0.59, 0.73] [0.81, 0.64, 0.77] 24.0 0.0 8.0 20856.0 3.808100352E9 6948.0
1434654861836 3 [0.92, 0.59, 0.73] [0.81, 0.64, 0.77] 24.0 0.0 8.0 20856.0 3.807973376E9 6948.0
1434654862856 3 [0.92, 0.55, 0.73] [0.81, 0.63, 0.77] 24.0 0.0 8.0 20856.0 3.80721152E9 6948.0
1434654863874 3 [0.92, 0.55, 0.75] [0.81, 0.63, 0.77] 24.0 0.0 8.0 20856.0 3.80721152E9 6948.0
1434654864893 3 [0.92, 0.55, 0.75] [0.81, 0.63, 0.77] 24.0 0.0 8.0 20856.0 3.80706816E9 6948.0
1434654865912 3 [0.85, 0.55, 0.75] [0.8, 0.63, 0.77] 24.0 0.0 8.0 20856.0 3.808210944E9 6948.0
1434654866931 3 [0.85, 0.55, 0.75] [0.8, 0.63, 0.77] 24.0 0.0 8.0 20856.0 3.80844032E9 6948.0
1434654867952 3 [0.85, 0.9, 0.75] [0.8, 0.7, 0.77] 24.0 0.0 8.0 20856.0 3.807965184E9 6948.0
1434654868971 3 [0.85, 0.9, 0.69] [0.8, 0.7, 0.76] 24.0 0.0 8.0 20856.0 3.807838208E9 6948.0
1434654869990 3 [0.85, 0.9, 0.69] [0.8, 0.7, 0.76] 24.0 0.0 8.0 20856.0 3.807711232E9 6948.0
1434654871009 3 [0.86, 0.9, 0.69] [0.8, 0.7, 0.76] 24.0 0.0 8.0 20856.0 3.8078464E9 6948.0
1434654872028 3 [0.86, 0.9, 0.69] [0.8, 0.7, 0.76] 24.0 0.0 8.0 20856.0 3.8078464E9 6948.0
1434654873046 3 [0.86, 0.83, 0.69] [0.8, 0.69, 0.76] 24.0 0.0 8.0 20856.0 3.8078464E9 6948.0
1434654874067 3 [0.86, 0.83, 0.71] [0.8, 0.69, 0.77] 24.0 0.0 8.0 20856.0 3.808608256E9 6948.0
1434654875088 3 [0.86, 0.83, 0.71] [0.8, 0.69, 0.77] 24.0 0.0 8.0 20856.0 3.80921856E9 6948.0
1434654876108 3 [0.79, 0.83, 0.71] [0.79, 0.69, 0.77] 24.0 0.0 8.0 20856.0 3.80833792E9 6948.0
1434654877127 3 [0.79, 0.83, 0.71] [0.79, 0.69, 0.77] 24.0 0.0 8.0 20856.0 3.807965184E9 6948.0
1434654878146 3 [0.79, 0.84, 0.71] [0.79, 0.7, 0.77] 24.0 0.0 8.0 20856.0 3.807965184E9 6948.0
1434654879165 3 [0.79, 0.84, 0.66] [0.79, 0.7, 0.75] 24.0 0.0 8.0 20856.0 3.807965184E9 6948.0
1434654880185 3 [0.79, 0.84, 0.66] [0.79, 0.7, 0.75] 24.0 0.0 8.0 20856.0 3.80809216E9 6948.0
1434654881204 3 [0.81, 0.84, 0.66] [0.79, 0.7, 0.75] 24.0 0.0 8.0 20856.0 3.8078464E9 6948.0
1434654882223 3 [0.81, 0.84, 0.66] [0.79, 0.7, 0.75] 24.0 0.0 8.0 20856.0 3.807830016E9 6948.0
1434654883242 3 [0.81, 0.78, 0.66] [0.79, 0.68, 0.75] 24.0 0.0 8.0 20856.0 3.808083968E9 6948.0
1434654884261 3 [0.81, 0.78, 0.68] [0.79, 0.68, 0.76] 24.0 0.0 8.0 20856.0 3.80780544E9 6948.0
1434654885280 3 [0.81, 0.78, 0.68] [0.79, 0.68, 0.76] 24.0 0.0 8.0 20856.0 3.807576064E9 6948.0
1434654886299 3 [0.82, 0.78, 0.68] [0.8, 0.68, 0.76] 24.0 0.0 8.0 20856.0 3.807576064E9 6948.0
1434654887318 3 [0.82, 0.78, 0.68] [0.8, 0.68, 0.76] 24.0 0.0 8.0 20856.0 3.807584256E9 6948.0
1434654888336 3 [0.82, 0.87, 0.63] [0.8, 0.71, 0.74] 24.0 0.0 8.0 20856.0 3.80745728E9 6948.0
1434654889356 3 [0.82, 0.87, 0.63] [0.8, 0.71, 0.74] 24.0 0.0 8.0 20856.0 3.80745728E9 6948.0
1434654890375 3 [0.82, 0.87, 0.63] [0.8, 0.71, 0.74] 24.0 0.0 8.0 20856.0 3.80745728E9 6948.0
1434654891394 3 [0.84, 0.87, 0.63] [0.8, 0.71, 0.74] 24.0 0.0 8.0 20856.0 3.807711232E9 6948.0
1434654892413 3 [0.84, 0.87, 0.63] [0.8, 0.71, 0.74] 24.0 0.0 8.0 20856.0 3.808100352E9 6948.0
1434654893433 3 [0.84, 0.81, 0.66] [0.8, 0.69, 0.75] 24.0 0.0 8.0 20856.0 3.808006144E9 6948.0
1434654894453 3 [0.84, 0.81, 0.66] [0.8, 0.69, 0.75] 24.0 0.0 8.0 20856.0 3.807592448E9 6948.0
1434654895472 3 [0.84, 0.81, 0.66] [0.8, 0.69, 0.75] 24.0 0.0 8.0 20856.0 3.807449088E9 6948.0
1434654896492 3 [0.77, 0.81, 0.66] [0.79, 0.69, 0.75] 24.0 0.0 8.0 20856.0 3.807576064E9 6948.0
1434654897512 3 [0.77, 0.81, 0.66] [0.79, 0.69, 0.75] 24.0 0.0 8.0 20856.0 3.80745728E9 6948.0
1434654898530 3 [0.77, 0.74, 0.69] [0.79, 0.68, 0.75] 24.0 0.0 8.0 20856.0 3.807711232E9 6948.0
1434654899549 3 [0.77, 0.74, 0.69] [0.79, 0.68, 0.75] 24.0 0.0 8.0 20856.0 3.807465472E9 6948.0
