
1435111137100 3 [0.13, 0.0, 1.66] [1.62, 0.01, 4.08] 24.0 0.0 16.0 20856.0 2.67882496E8 13848.0
1435111138522 3 [0.13, 0.0, 1.52] [1.62, 0.01, 4.01] 24.0 0.0 16.0 20856.0 2.67747328E8 13848.0
1435111139655 3 [0.13, 0.0, 1.52] [1.62, 0.01, 4.01] 24.0 0.0 16.0 20856.0 2.67747328E8 13848.0
1435111140784 3 [0.12, 0.0, 1.52] [1.59, 0.01, 4.01] 24.0 0.0 16.0 20856.0 2.67747328E8 13848.0
1435111141911 3 [0.12, 0.0, 1.52] [1.59, 0.01, 4.01] 24.0 0.0 16.0 20856.0 2.6785792E8 13848.0
1435111143039 3 [0.12, 0.0, 1.72] [1.59, 0.01, 4.01] 24.0 0.0 16.0 20856.0 2.67730944E8 13848.0
1435111144177 3 [0.12, 0.0, 1.72] [1.59, 0.01, 4.01] 24.0 0.0 16.0 20856.0 2.67739136E8 13848.0
1435111145316 3 [0.35, 0.0, 1.72] [1.62, 0.01, 4.01] 24.0 0.0 16.0 20856.0 2.6761216E8 13848.0
1435111146457 3 [0.35, 0.0, 1.72] [1.62, 0.01, 4.01] 24.0 0.0 16.0 20856.0 2.67231232E8 13848.0
1435111147592 3 [0.35, 0.0, 2.07] [1.62, 0.01, 4.04] 24.0 0.0 16.0 20856.0 2.67239424E8 13848.0
1435111148721 3 [0.35, 0.0, 2.07] [1.62, 0.01, 4.04] 24.0 0.0 16.0 20856.0 2.68120064E8 13848.0
1435111149846 3 [0.72, 0.0, 2.07] [1.67, 0.01, 4.04] 24.0 0.0 16.0 20856.0 2.67587584E8 13848.0
1435111151491 3 [0.72, 0.0, 2.07] [1.67, 0.01, 4.04] 24.0 0.0 16.0 20856.0 2.67476992E8 13848.0
1435111152621 3 [0.72, 0.0, 1.98] [1.67, 0.01, 3.99] 24.0 0.0 16.0 20856.0 2.67984896E8 13848.0
1435111153755 3 [0.72, 0.0, 1.98] [1.67, 0.01, 3.99] 24.0 0.0 16.0 20856.0 2.6761216E8 13848.0
1435111154885 3 [0.72, 0.0, 1.98] [1.67, 0.01, 3.99] 24.0 0.0 16.0 20856.0 2.6761216E8 13848.0
1435111156023 3 [1.14, 0.0, 1.98] [1.74, 0.01, 3.99] 24.0 0.0 16.0 20856.0 2.68120064E8 13848.0
1435111157162 3 [1.14, 0.0, 1.98] [1.74, 0.01, 3.99] 24.0 0.0 16.0 20856.0 2.68120064E8 13848.0
1435111158292 3 [1.14, 0.0, 2.22] [1.74, 0.01, 4.01] 24.0 0.0 16.0 20856.0 2.67730944E8 13848.0
1435111159417 3 [1.14, 0.0, 2.22] [1.74, 0.01, 4.01] 24.0 0.0 16.0 20856.0 2.67730944E8 13848.0
1435111160568 3 [1.61, 0.0, 2.22] [1.83, 0.01, 4.01] 24.0 0.0 16.0 20856.0 2.67866112E8 13848.0
1435111161706 3 [1.61, 0.0, 2.22] [1.83, 0.01, 4.01] 24.0 0.0 16.0 20856.0 2.67993088E8 13848.0
1435111162843 3 [1.61, 0.0, 2.52] [1.83, 0.01, 4.04] 24.0 0.0 16.0 20856.0 2.67730944E8 13848.0
1435111163991 3 [1.61, 0.0, 2.52] [1.83, 0.01, 4.04] 24.0 0.0 16.0 20856.0 2.68238848E8 13848.0
1435111165127 3 [2.04, 0.0, 2.52] [1.92, 0.01, 4.04] 24.0 0.0 16.0 20856.0 2.67993088E8 13848.0
1435111166259 3 [2.04, 0.0, 2.52] [1.92, 0.01, 4.04] 24.0 0.0 16.0 20856.0 2.67866112E8 13848.0
1435111167386 3 [2.04, 0.0, 2.52] [1.92, 0.01, 4.04] 24.0 0.0 16.0 20856.0 2.67866112E8 13848.0
1435111168532 3 [2.04, 0.0, 2.48] [1.92, 0.01, 4.01] 24.0 0.0 16.0 20856.0 2.67874304E8 13848.0
1435111169666 3 [2.04, 0.0, 2.48] [1.92, 0.01, 4.01] 24.0 0.0 16.0 20856.0 2.6771456E8 13848.0
1435111170804 3 [2.52, 0.0, 2.48] [2.02, 0.01, 4.01] 24.0 0.0 16.0 20856.0 2.67620352E8 13848.0
1435111171933 3 [2.52, 0.0, 2.48] [2.02, 0.01, 4.01] 24.0 0.0 16.0 20856.0 2.68128256E8 13848.0
1435111173069 3 [2.52, 0.0, 2.36] [2.02, 0.01, 3.96] 24.0 0.0 16.0 20856.0 2.67730944E8 13848.0
1435111174211 3 [2.52, 0.0, 2.36] [2.02, 0.01, 3.96] 24.0 0.0 16.0 20856.0 2.67730944E8 13848.0
1435111175348 3 [2.88, 0.0, 2.36] [2.1, 0.01, 3.96] 24.0 0.0 16.0 20856.0 2.67739136E8 13848.0
1435111176485 3 [2.88, 0.0, 2.36] [2.1, 0.01, 3.96] 24.0 0.0 16.0 20856.0 2.68500992E8 13848.0
1435111177618 3 [2.88, 0.0, 2.57] [2.1, 0.01, 3.97] 24.0 0.0 16.0 20856.0 2.67833344E8 13848.0
1435111178755 3 [2.88, 0.0, 2.57] [2.1, 0.01, 3.97] 24.0 0.0 16.0 20856.0 2.67747328E8 13848.0
1435111179886 3 [2.88, 0.0, 2.57] [2.1, 0.01, 3.97] 24.0 0.0 16.0 20856.0 2.68017664E8 13848.0
1435111181014 3 [3.05, 0.0, 2.57] [2.15, 0.01, 3.97] 24.0 0.0 16.0 20856.0 2.67620352E8 13848.0
1435111182150 3 [3.05, 0.0, 2.57] [2.15, 0.01, 3.97] 24.0 0.0 16.0 20856.0 2.67620352E8 13848.0
1435111183278 3 [3.05, 0.0, 2.53] [2.15, 0.01, 3.94] 24.0 0.0 16.0 20856.0 2.67485184E8 13848.0
1435111184404 3 [3.05, 0.0, 2.53] [2.15, 0.01, 3.94] 24.0 0.0 16.0 20856.0 2.67563008E8 13848.0
1435111185531 3 [3.37, 0.0, 2.53] [2.23, 0.01, 3.94] 24.0 0.0 16.0 20856.0 2.67485184E8 13848.0
1435111186680 3 [3.37, 0.0, 2.53] [2.23, 0.01, 3.94] 24.0 0.0 16.0 20856.0 2.67485184E8 13848.0
1435111187821 3 [3.37, 0.0, 2.41] [2.23, 0.01, 3.89] 24.0 0.0 16.0 20856.0 2.68619776E8 13848.0
1435111188956 3 [3.37, 0.0, 2.41] [2.23, 0.01, 3.89] 24.0 0.0 16.0 20856.0 2.6863616E8 13848.0
1435111190091 3 [3.5, 0.0, 2.41] [2.27, 0.01, 3.89] 24.0 0.0 16.0 20856.0 2.68644352E8 13848.0
1435111191227 3 [3.5, 0.0, 2.41] [2.27, 0.01, 3.89] 24.0 0.0 16.0 20856.0 2.69533184E8 13848.0
1435111192362 3 [3.5, 0.0, 2.41] [2.27, 0.01, 3.89] 24.0 0.0 16.0 20856.0 2.68992512E8 13848.0
1435111193497 3 [3.5, 0.0, 2.37] [2.27, 0.01, 3.86] 24.0 0.0 16.0 20856.0 2.69017088E8 13848.0
1435111194632 3 [3.5, 0.0, 2.37] [2.27, 0.01, 3.86] 24.0 0.0 16.0 20856.0 2.69017088E8 13848.0
1435111195770 3 [3.78, 0.0, 2.37] [2.35, 0.01, 3.86] 24.0 0.0 16.0 20856.0 2.6902528E8 13848.0
1435111196897 3 [3.78, 0.0, 2.37] [2.35, 0.01, 3.86] 24.0 0.0 16.0 20856.0 2.6902528E8 13848.0
1435111198022 3 [3.78, 0.0, 2.18] [2.35, 0.01, 3.8] 24.0 0.0 16.0 20856.0 2.6902528E8 13848.0
1435111199156 3 [3.78, 0.0, 2.18] [2.35, 0.01, 3.8] 24.0 0.0 16.0 20856.0 2.69287424E8 13848.0
1435111200293 3 [3.96, 0.0, 2.18] [2.41, 0.01, 3.8] 24.0 0.0 16.0 20856.0 2.69160448E8 13848.0
1435111201417 3 [3.96, 0.0, 2.18] [2.41, 0.01, 3.8] 24.0 0.0 16.0 20856.0 2.69033472E8 13848.0
1435111202553 3 [3.96, 0.0, 2.18] [2.41, 0.01, 3.8] 24.0 0.0 16.0 20856.0 2.69033472E8 13848.0
1435111203681 3 [3.96, 0.0, 2.09] [2.41, 0.01, 3.75] 24.0 0.0 16.0 20856.0 2.69033472E8 13848.0
1435111204815 3 [3.96, 0.0, 2.09] [2.41, 0.01, 3.75] 24.0 0.0 16.0 20856.0 2.69017088E8 13848.0
1435111205952 3 [3.96, 0.0, 2.09] [2.44, 0.01, 3.75] 24.0 0.0 16.0 20856.0 2.69017088E8 13848.0
1435111207090 3 [3.96, 0.0, 2.09] [2.44, 0.01, 3.75] 24.0 0.0 16.0 20856.0 2.69787136E8 13848.0
1435111208228 3 [3.96, 0.0, 2.0] [2.44, 0.01, 3.7] 24.0 0.0 16.0 20856.0 2.68992512E8 13848.0
1435111209366 3 [3.96, 0.0, 2.0] [2.44, 0.01, 3.7] 24.0 0.0 16.0 20856.0 2.68898304E8 13848.0
1435111210504 3 [4.04, 0.0, 2.0] [2.48, 0.01, 3.7] 24.0 0.0 16.0 20856.0 2.68906496E8 13848.0
1435111211642 3 [4.04, 0.0, 2.0] [2.48, 0.01, 3.7] 24.0 0.0 16.0 20856.0 2.68906496E8 13848.0
1435111212777 3 [4.04, 0.0, 2.32] [2.48, 0.01, 3.74] 24.0 0.0 16.0 20856.0 2.70176256E8 13848.0
1435111213913 3 [4.04, 0.0, 2.32] [2.48, 0.01, 3.74] 24.0 0.0 16.0 20856.0 2.7019264E8 13848.0
1435111215049 3 [4.36, 0.0, 2.32] [2.57, 0.01, 3.74] 24.0 0.0 16.0 20856.0 2.70176256E8 13848.0
1435111216178 3 [4.36, 0.0, 2.32] [2.57, 0.01, 3.74] 24.0 0.0 16.0 20856.0 2.70176256E8 13848.0
1435111217313 3 [4.36, 0.0, 2.32] [2.57, 0.01, 3.74] 24.0 0.0 16.0 20856.0 2.70176256E8 13848.0
1435111218446 3 [4.36, 0.0, 2.46] [2.57, 0.01, 3.75] 24.0 0.0 16.0 20856.0 2.70176256E8 13848.0
1435111219585 3 [4.36, 0.0, 2.46] [2.57, 0.01, 3.75] 24.0 0.0 16.0 20856.0 2.70184448E8 13848.0
1435111220718 3 [4.09, 0.0, 2.46] [2.55, 0.01, 3.75] 24.0 0.0 16.0 20856.0 2.70184448E8 13848.0
1435111221845 3 [4.09, 0.0, 2.46] [2.55, 0.01, 3.75] 24.0 0.0 16.0 20856.0 2.70184448E8 13848.0
1435111222979 3 [4.09, 0.0, 2.34] [2.55, 0.01, 3.7] 24.0 0.0 16.0 20856.0 2.70184448E8 13848.0
1435111224111 3 [4.09, 0.0, 2.34] [2.55, 0.01, 3.7] 24.0 0.0 16.0 20856.0 2.7019264E8 13848.0
1435111225237 3 [3.76, 0.0, 2.34] [2.51, 0.01, 3.7] 24.0 0.0 16.0 20856.0 2.7019264E8 13848.0
1435111226369 3 [3.76, 0.0, 2.34] [2.51, 0.01, 3.7] 24.0 0.0 16.0 20856.0 2.70176256E8 13848.0
1435111227502 3 [3.76, 0.0, 2.34] [2.51, 0.01, 3.7] 24.0 0.0 16.0 20856.0 2.70184448E8 13848.0
1435111228636 3 [3.76, 0.0, 2.23] [2.51, 0.01, 3.66] 24.0 0.0 16.0 20856.0 2.69787136E8 13848.0
1435111229771 3 [3.76, 0.0, 2.23] [2.51, 0.01, 3.66] 24.0 0.0 16.0 20856.0 2.69406208E8 13848.0
1435111230903 3 [3.94, 0.0, 2.23] [2.56, 0.01, 3.66] 24.0 0.0 16.0 20856.0 2.69406208E8 13848.0
1435111232030 3 [3.94, 0.0, 2.23] [2.56, 0.01, 3.66] 24.0 0.0 16.0 20856.0 2.694144E8 13848.0
1435111233161 3 [3.94, 0.0, 2.29] [2.56, 0.01, 3.65] 24.0 0.0 16.0 20856.0 2.694144E8 13848.0
1435111234292 3 [3.94, 0.0, 2.29] [2.56, 0.01, 3.65] 24.0 0.0 16.0 20856.0 2.694144E8 13848.0
1435111235449 3 [4.03, 0.0, 2.29] [2.6, 0.01, 3.65] 24.0 0.0 16.0 20856.0 2.6927104E8 13848.0
1435111236581 3 [4.03, 0.0, 2.29] [2.6, 0.01, 3.65] 24.0 0.0 16.0 20856.0 2.6927104E8 13848.0
1435111237712 3 [4.03, 0.0, 2.35] [2.6, 0.01, 3.64] 24.0 0.0 16.0 20856.0 2.69152256E8 13848.0
1435111238845 3 [4.03, 0.0, 2.35] [2.6, 0.01, 3.64] 24.0 0.0 16.0 20856.0 2.6902528E8 13848.0
1435111239971 3 [4.03, 0.0, 2.35] [2.6, 0.01, 3.64] 24.0 0.0 16.0 20856.0 2.6902528E8 13848.0
1435111241105 3 [4.18, 0.0, 2.35] [2.66, 0.01, 3.64] 24.0 0.0 16.0 20856.0 2.6902528E8 13848.0
1435111242235 3 [4.18, 0.08, 2.35] [2.66, 0.03, 3.64] 24.0 0.0 16.0 20856.0 2.69033472E8 13848.0
1435111243407 3 [4.18, 0.08, 2.24] [2.66, 0.03, 3.59] 24.0 0.0 16.0 20856.0 2.69033472E8 13848.0
1435111244557 3 [4.18, 0.08, 2.24] [2.66, 0.03, 3.59] 24.0 0.0 16.0 20856.0 2.69033472E8 13848.0
1435111245699 3 [4.49, 0.08, 2.24] [2.75, 0.03, 3.59] 24.0 0.0 16.0 20856.0 2.69017088E8 13848.0
1435111246830 3 [4.49, 0.08, 2.24] [2.75, 0.03, 3.59] 24.0 0.0 16.0 20856.0 2.68763136E8 13848.0
1435111247961 3 [4.49, 0.08, 2.14] [2.75, 0.03, 3.55] 24.0 0.0 16.0 20856.0 2.68763136E8 13848.0
1435111249097 3 [4.49, 0.08, 2.14] [2.75, 0.03, 3.55] 24.0 0.0 16.0 20856.0 2.68763136E8 13848.0
1435111250235 3 [4.69, 0.08, 2.14] [2.82, 0.03, 3.55] 24.0 0.0 16.0 20856.0 2.68771328E8 13848.0
1435111251366 3 [4.69, 0.08, 2.14] [2.82, 0.03, 3.55] 24.0 0.0 16.0 20856.0 2.68771328E8 13848.0
1435111252499 3 [4.69, 0.07, 2.14] [2.82, 0.03, 3.55] 24.0 0.0 16.0 20856.0 2.68771328E8 13848.0
1435111253631 3 [4.69, 0.07, 2.05] [2.82, 0.03, 3.51] 24.0 0.0 16.0 20856.0 2.69033472E8 13848.0
1435111254776 3 [4.69, 0.07, 2.05] [2.82, 0.03, 3.51] 24.0 0.0 16.0 20856.0 2.68906496E8 13848.0
1435111255959 3 [4.72, 0.07, 2.05] [2.86, 0.03, 3.51] 24.0 0.0 16.0 20856.0 2.68906496E8 13848.0
1435111257099 3 [4.72, 0.06, 2.05] [2.86, 0.03, 3.51] 24.0 0.0 16.0 20856.0 2.68763136E8 13848.0
1435111258231 3 [4.72, 0.06, 2.13] [2.86, 0.03, 3.5] 24.0 0.0 16.0 20856.0 2.68763136E8 13848.0
1435111259358 3 [4.72, 0.06, 2.13] [2.86, 0.03, 3.5] 24.0 0.0 16.0 20856.0 2.68771328E8 13848.0
1435111260486 3 [4.74, 0.06, 2.13] [2.89, 0.03, 3.5] 24.0 0.0 16.0 20856.0 2.68771328E8 13848.0
1435111261612 3 [4.74, 0.06, 2.13] [2.89, 0.03, 3.5] 24.0 0.0 16.0 20856.0 2.69152256E8 13848.0
1435111262738 3 [4.74, 0.06, 2.04] [2.89, 0.03, 3.46] 24.0 0.0 16.0 20856.0 2.68906496E8 13848.0
1435111263870 3 [4.74, 0.06, 2.04] [2.89, 0.03, 3.46] 24.0 0.0 16.0 20856.0 2.68906496E8 13848.0
1435111264997 3 [4.74, 0.06, 2.04] [2.89, 0.03, 3.46] 24.0 0.0 16.0 20856.0 2.68906496E8 13848.0
1435111266132 3 [4.76, 0.06, 2.04] [2.93, 0.03, 3.46] 24.0 0.0 16.0 20856.0 2.68906496E8 13848.0
1435111267266 3 [4.76, 0.05, 2.04] [2.93, 0.03, 3.46] 24.0 0.0 16.0 20856.0 2.68890112E8 13848.0
1435111268399 3 [4.76, 0.05, 2.67] [2.93, 0.03, 3.56] 24.0 0.0 16.0 20856.0 2.68890112E8 13848.0
1435111269525 3 [4.76, 0.05, 2.67] [2.93, 0.03, 3.56] 24.0 0.0 16.0 20856.0 2.69406208E8 13848.0
1435111270650 3 [4.94, 0.05, 2.67] [2.99, 0.03, 3.56] 24.0 0.0 16.0 20856.0 2.69152256E8 13848.0
1435111271786 3 [4.94, 0.05, 2.67] [2.99, 0.03, 3.56] 24.0 0.0 16.0 20856.0 2.69152256E8 13848.0
1435111272922 3 [4.94, 0.05, 2.7] [2.99, 0.03, 3.56] 24.0 0.0 16.0 20856.0 2.69033472E8 13848.0
1435111274053 3 [4.94, 0.05, 2.7] [2.99, 0.03, 3.56] 24.0 0.0 16.0 20856.0 2.69033472E8 13848.0
1435111275186 3 [5.1, 0.05, 2.7] [3.06, 0.03, 3.56] 24.0 0.0 16.0 20856.0 2.69033472E8 13848.0
1435111276317 3 [5.1, 0.05, 2.7] [3.06, 0.03, 3.56] 24.0 0.0 16.0 20856.0 2.69795328E8 13848.0
1435111277448 3 [5.1, 0.05, 2.7] [3.06, 0.03, 3.56] 24.0 0.0 16.0 20856.0 2.69398016E8 13848.0
1435111278589 3 [5.1, 0.05, 3.61] [3.06, 0.03, 3.73] 24.0 0.0 16.0 20856.0 2.69398016E8 13848.0
1435111279722 3 [5.1, 0.05, 3.61] [3.06, 0.03, 3.73] 24.0 0.0 16.0 20856.0 2.69406208E8 13848.0
1435111280853 3 [5.18, 0.05, 3.61] [3.11, 0.03, 3.73] 24.0 0.0 16.0 20856.0 2.69406208E8 13848.0
1435111281988 3 [5.18, 0.04, 3.61] [3.11, 0.03, 3.73] 24.0 0.0 16.0 20856.0 2.69406208E8 13848.0
1435111283126 3 [5.18, 0.04, 3.72] [3.11, 0.03, 3.75] 24.0 0.0 16.0 20856.0 2.69406208E8 13848.0
1435111284252 3 [5.18, 0.04, 3.72] [3.11, 0.03, 3.75] 24.0 0.0 16.0 20856.0 2.694144E8 13848.0
1435111285385 3 [5.64, 0.04, 3.72] [3.24, 0.03, 3.75] 24.0 0.0 16.0 20856.0 2.68906496E8 13848.0
1435111286517 3 [5.64, 0.04, 3.72] [3.24, 0.03, 3.75] 24.0 0.0 16.0 20856.0 2.68906496E8 13848.0
1435111287649 3 [5.64, 0.04, 3.5] [3.24, 0.03, 3.7] 24.0 0.0 16.0 20856.0 2.68763136E8 13848.0
1435111288780 3 [5.64, 0.04, 3.5] [3.24, 0.03, 3.7] 24.0 0.0 16.0 20856.0 2.68763136E8 13848.0
1435111289913 3 [5.64, 0.04, 3.5] [3.24, 0.03, 3.7] 24.0 0.0 16.0 20856.0 2.68771328E8 13848.0
1435111291047 3 [5.75, 0.04, 3.5] [3.3, 0.03, 3.7] 24.0 0.0 16.0 20856.0 2.68771328E8 13848.0
1435111292182 3 [5.75, 0.04, 3.5] [3.3, 0.03, 3.7] 24.0 0.0 16.0 20856.0 2.68771328E8 13848.0
1435111293317 3 [5.75, 0.04, 3.54] [3.3, 0.03, 3.71] 24.0 0.0 16.0 20856.0 2.694144E8 13848.0
1435111294444 3 [5.75, 0.04, 3.54] [3.3, 0.03, 3.71] 24.0 0.0 16.0 20856.0 2.69287424E8 13848.0
1435111295567 3 [5.69, 0.04, 3.54] [3.33, 0.03, 3.71] 24.0 0.0 16.0 20856.0 2.69287424E8 13848.0
1435111296698 3 [5.69, 0.04, 3.54] [3.33, 0.03, 3.71] 24.0 0.0 16.0 20856.0 2.69287424E8 13848.0
1435111297833 3 [5.69, 0.03, 3.58] [3.33, 0.03, 3.71] 24.0 0.0 16.0 20856.0 2.69144064E8 13848.0
1435111298970 3 [5.69, 0.03, 3.58] [3.33, 0.03, 3.71] 24.0 0.0 16.0 20856.0 2.69144064E8 13848.0
1435111300112 3 [5.64, 0.03, 3.58] [3.36, 0.03, 3.71] 24.0 0.0 16.0 20856.0 2.69398016E8 13848.0
1435111301247 3 [5.64, 0.03, 3.58] [3.36, 0.03, 3.71] 24.0 0.0 16.0 20856.0 2.69406208E8 13848.0
1435111302381 3 [5.64, 0.03, 3.58] [3.36, 0.03, 3.71] 24.0 0.0 16.0 20856.0 2.69152256E8 13848.0
1435111303514 3 [5.64, 0.03, 3.37] [3.36, 0.03, 3.67] 24.0 0.0 16.0 20856.0 2.69033472E8 13848.0
1435111304645 3 [5.64, 0.03, 3.37] [3.36, 0.03, 3.67] 24.0 0.0 16.0 20856.0 2.69033472E8 13848.0
1435111305781 3 [5.91, 0.03, 3.37] [3.45, 0.03, 3.67] 24.0 0.0 16.0 20856.0 2.69033472E8 13848.0
1435111306909 3 [5.91, 0.03, 3.37] [3.45, 0.03, 3.67] 24.0 0.0 16.0 20856.0 2.69033472E8 13848.0
1435111308045 3 [5.91, 0.03, 3.18] [3.45, 0.02, 3.62] 24.0 0.0 16.0 20856.0 2.68763136E8 13848.0
1435111309179 3 [5.91, 0.03, 3.18] [3.45, 0.02, 3.62] 24.0 0.0 16.0 20856.0 2.68857344E8 13848.0
1435111310311 3 [5.99, 0.03, 3.18] [3.51, 0.02, 3.62] 24.0 0.0 16.0 20856.0 2.68898304E8 13848.0
1435111311445 3 [5.99, 0.03, 3.18] [3.51, 0.02, 3.62] 24.0 0.0 16.0 20856.0 2.68898304E8 13848.0
1435111312584 3 [5.99, 0.03, 3.18] [3.51, 0.02, 3.62] 24.0 0.0 16.0 20856.0 2.68898304E8 13848.0
1435111313713 3 [5.99, 0.03, 2.93] [3.51, 0.02, 3.56] 24.0 0.0 16.0 20856.0 2.68906496E8 13848.0
1435111314847 3 [5.99, 0.03, 2.93] [3.51, 0.02, 3.56] 24.0 0.0 16.0 20856.0 2.68906496E8 13848.0
1435111315983 3 [6.07, 0.03, 2.93] [3.57, 0.02, 3.56] 24.0 0.0 16.0 20856.0 2.694144E8 13848.0
1435111317118 3 [6.07, 0.02, 2.93] [3.57, 0.02, 3.56] 24.0 0.0 16.0 20856.0 2.68906496E8 13848.0
1435111318247 3 [6.07, 0.02, 2.77] [3.57, 0.02, 3.52] 24.0 0.0 16.0 20856.0 2.68763136E8 13848.0
1435111319377 3 [6.07, 0.02, 2.77] [3.57, 0.02, 3.52] 24.0 0.0 16.0 20856.0 2.68771328E8 13848.0
1435111320506 3 [6.31, 0.02, 2.77] [3.66, 0.02, 3.52] 24.0 0.0 16.0 20856.0 2.68771328E8 13848.0
1435111321638 3 [6.31, 0.02, 2.77] [3.66, 0.02, 3.52] 24.0 0.0 16.0 20856.0 2.69533184E8 13848.0
1435111322768 3 [6.31, 0.02, 2.63] [3.66, 0.02, 3.48] 24.0 0.0 16.0 20856.0 2.69406208E8 13848.0
1435111323897 3 [6.31, 0.02, 2.63] [3.66, 0.02, 3.48] 24.0 0.0 16.0 20856.0 2.69287424E8 13848.0
1435111325030 3 [6.31, 0.02, 2.63] [3.66, 0.02, 3.48] 24.0 0.0 16.0 20856.0 2.69287424E8 13848.0
1435111326163 3 [6.28, 0.02, 2.63] [3.7, 0.02, 3.48] 24.0 0.0 16.0 20856.0 2.69287424E8 13848.0
1435111327289 3 [6.28, 0.02, 2.63] [3.7, 0.02, 3.48] 24.0 0.0 16.0 20856.0 2.69287424E8 13848.0
1435111328418 3 [6.28, 0.02, 2.66] [3.7, 0.02, 3.47] 24.0 0.0 16.0 20856.0 2.6927104E8 13848.0
1435111329548 3 [6.28, 0.02, 2.66] [3.7, 0.02, 3.47] 24.0 0.0 16.0 20856.0 2.70041088E8 13848.0
1435111331183 3 [6.26, 0.02, 2.66] [3.74, 0.02, 3.47] 24.0 0.0 16.0 20856.0 2.6937344E8 13848.0
1435111332311 3 [6.26, 0.02, 2.66] [3.74, 0.02, 3.47] 24.0 0.0 16.0 20856.0 2.69406208E8 13848.0
1435111333446 3 [6.26, 0.02, 2.61] [3.74, 0.02, 3.45] 24.0 0.0 16.0 20856.0 2.694144E8 13848.0
1435111334592 3 [6.26, 0.02, 2.61] [3.74, 0.02, 3.45] 24.0 0.0 16.0 20856.0 2.694144E8 13848.0
1435111335721 3 [6.32, 0.02, 2.61] [3.79, 0.02, 3.45] 24.0 0.0 16.0 20856.0 2.694144E8 13848.0
1435111336855 3 [6.32, 0.02, 2.61] [3.79, 0.02, 3.45] 24.0 0.0 16.0 20856.0 2.69922304E8 13848.0
1435111337992 3 [6.32, 0.02, 2.64] [3.79, 0.02, 3.44] 24.0 0.0 16.0 20856.0 2.69144064E8 13848.0
1435111339125 3 [6.32, 0.02, 2.64] [3.79, 0.02, 3.44] 24.0 0.0 16.0 20856.0 2.69144064E8 13848.0
1435111340254 3 [6.21, 0.02, 2.64] [3.81, 0.02, 3.44] 24.0 0.0 16.0 20856.0 2.69152256E8 13848.0
1435111341389 3 [6.21, 0.02, 2.64] [3.81, 0.02, 3.44] 24.0 0.0 16.0 20856.0 2.69152256E8 13848.0
1435111342513 3 [6.21, 0.02, 2.64] [3.81, 0.02, 3.44] 24.0 0.0 16.0 20856.0 2.69152256E8 13848.0
1435111343638 3 [6.21, 0.02, 3.79] [3.81, 0.02, 3.67] 24.0 0.0 16.0 20856.0 2.69160448E8 13848.0
1435111344759 3 [6.21, 0.02, 3.79] [3.81, 0.02, 3.67] 24.0 0.0 16.0 20856.0 2.69668352E8 13848.0
1435111345902 3 [6.36, 0.02, 3.79] [3.88, 0.02, 3.67] 24.0 0.0 16.0 20856.0 2.694144E8 13848.0
1435111347039 3 [6.36, 0.01, 3.79] [3.88, 0.02, 3.67] 24.0 0.0 16.0 20856.0 2.694144E8 13848.0
1435111348173 3 [6.36, 0.01, 3.56] [3.88, 0.02, 3.62] 24.0 0.0 16.0 20856.0 2.6927104E8 13848.0
1435111349307 3 [6.36, 0.01, 3.56] [3.88, 0.02, 3.62] 24.0 0.0 16.0 20856.0 2.69279232E8 13848.0
1435111350439 3 [6.25, 0.01, 3.56] [3.9, 0.02, 3.62] 24.0 0.0 16.0 20856.0 2.69279232E8 13848.0
1435111351816 3 [6.25, 0.01, 3.56] [3.9, 0.02, 3.62] 24.0 0.0 16.0 20856.0 2.69279232E8 13848.0
1435111352950 3 [6.25, 0.01, 3.84] [3.9, 0.02, 3.68] 24.0 0.0 16.0 20856.0 2.69279232E8 13848.0
1435111354082 3 [6.25, 0.01, 3.84] [3.9, 0.02, 3.68] 24.0 0.0 16.0 20856.0 2.69668352E8 13848.0
1435111355218 3 [6.39, 0.01, 3.84] [3.97, 0.02, 3.68] 24.0 0.0 16.0 20856.0 2.694144E8 13848.0
1435111356353 3 [6.39, 0.01, 3.84] [3.97, 0.02, 3.68] 24.0 0.0 16.0 20856.0 2.694144E8 13848.0
1435111357497 3 [6.39, 0.01, 3.84] [3.97, 0.02, 3.68] 24.0 0.0 16.0 20856.0 2.69287424E8 13848.0
1435111358629 3 [6.39, 0.01, 3.61] [3.97, 0.02, 3.63] 24.0 0.0 16.0 20856.0 2.69144064E8 13848.0
1435111359768 3 [6.39, 0.01, 3.61] [3.97, 0.02, 3.63] 24.0 0.0 16.0 20856.0 2.69144064E8 13848.0
1435111360900 3 [6.2, 0.01, 3.61] [3.97, 0.02, 3.63] 24.0 0.0 16.0 20856.0 2.69144064E8 13848.0
1435111362289 3 [6.2, 0.01, 3.61] [3.97, 0.02, 3.63] 24.0 0.0 16.0 20856.0 2.68771328E8 13848.0
1435111363440 3 [6.2, 0.01, 3.48] [3.97, 0.02, 3.61] 24.0 0.0 16.0 20856.0 2.68771328E8 13848.0
1435111364566 3 [6.2, 0.01, 3.48] [3.97, 0.02, 3.61] 24.0 0.0 16.0 20856.0 2.6877952E8 13848.0
1435111365699 3 [6.18, 0.01, 3.48] [4.0, 0.02, 3.61] 24.0 0.0 16.0 20856.0 2.6877952E8 13848.0
1435111366832 3 [6.18, 0.01, 3.48] [4.0, 0.02, 3.61] 24.0 0.0 16.0 20856.0 2.6877952E8 13848.0
1435111367975 3 [6.18, 0.01, 3.36] [4.0, 0.02, 3.58] 24.0 0.0 16.0 20856.0 2.6927104E8 13848.0
1435111369106 3 [6.18, 0.01, 3.36] [4.0, 0.02, 3.58] 24.0 0.0 16.0 20856.0 2.68730368E8 13848.0
1435111370243 3 [6.17, 0.01, 3.36] [4.04, 0.02, 3.58] 24.0 0.0 16.0 20856.0 2.68509184E8 13848.0
1435111371376 3 [6.17, 0.01, 3.36] [4.04, 0.02, 3.58] 24.0 0.0 16.0 20856.0 2.68517376E8 13848.0
1435111372516 3 [6.17, 0.01, 3.36] [4.04, 0.02, 3.58] 24.0 0.0 16.0 20856.0 2.68517376E8 13848.0
1435111373641 3 [6.17, 0.01, 3.42] [4.04, 0.02, 3.59] 24.0 0.0 16.0 20856.0 2.68517376E8 13848.0
1435111374784 3 [6.17, 0.01, 3.42] [4.04, 0.02, 3.59] 24.0 0.0 16.0 20856.0 2.68517376E8 13848.0
1435111375915 3 [6.31, 0.01, 3.42] [4.1, 0.02, 3.59] 24.0 0.0 16.0 20856.0 2.69287424E8 13848.0
1435111377048 3 [6.31, 0.01, 3.42] [4.1, 0.02, 3.59] 24.0 0.0 16.0 20856.0 2.69160448E8 13848.0
1435111378184 3 [6.31, 0.01, 3.54] [4.1, 0.02, 3.61] 24.0 0.0 16.0 20856.0 2.69033472E8 13848.0
1435111379317 3 [6.31, 0.01, 3.54] [4.1, 0.02, 3.61] 24.0 0.0 16.0 20856.0 2.6902528E8 13848.0
1435111380453 3 [6.21, 0.01, 3.54] [4.12, 0.02, 3.61] 24.0 0.0 16.0 20856.0 2.69017088E8 13848.0
1435111381585 3 [6.21, 0.01, 3.54] [4.12, 0.02, 3.61] 24.0 0.0 16.0 20856.0 2.6902528E8 13848.0
1435111382723 3 [6.21, 0.01, 3.5] [4.12, 0.02, 3.6] 24.0 0.0 16.0 20856.0 2.69287424E8 13848.0
1435111383857 3 [6.21, 0.01, 3.5] [4.12, 0.02, 3.6] 24.0 0.0 16.0 20856.0 2.69152256E8 13848.0
1435111384993 3 [6.21, 0.01, 3.5] [4.12, 0.02, 3.6] 24.0 0.0 16.0 20856.0 2.6902528E8 13848.0
1435111386126 3 [6.43, 0.01, 3.5] [4.2, 0.02, 3.6] 24.0 0.0 16.0 20856.0 2.69033472E8 13848.0
1435111387253 3 [6.43, 0.01, 3.5] [4.2, 0.02, 3.6] 24.0 0.0 16.0 20856.0 2.69033472E8 13848.0
1435111388387 3 [6.43, 0.01, 3.3] [4.2, 0.02, 3.56] 24.0 0.0 16.0 20856.0 2.69033472E8 13848.0
1435111389522 3 [6.43, 0.01, 3.3] [4.2, 0.02, 3.56] 24.0 0.0 16.0 20856.0 2.68890112E8 13848.0
1435111390657 3 [6.4, 0.01, 3.3] [4.23, 0.02, 3.56] 24.0 0.0 16.0 20856.0 2.68890112E8 13848.0
1435111391792 3 [6.4, 0.01, 3.3] [4.23, 0.02, 3.56] 24.0 0.0 16.0 20856.0 2.68771328E8 13848.0
1435111392932 3 [6.4, 0.01, 3.03] [4.23, 0.02, 3.5] 24.0 0.0 16.0 20856.0 2.68771328E8 13848.0
1435111394066 3 [6.4, 0.01, 3.03] [4.23, 0.02, 3.5] 24.0 0.0 16.0 20856.0 2.68771328E8 13848.0
1435111395201 3 [6.29, 0.01, 3.03] [4.24, 0.02, 3.5] 24.0 0.0 16.0 20856.0 2.68771328E8 13848.0
1435111396332 3 [6.29, 0.01, 3.03] [4.24, 0.02, 3.5] 24.0 0.0 16.0 20856.0 2.6877952E8 13848.0
1435111397465 3 [6.29, 0.01, 3.03] [4.24, 0.02, 3.5] 24.0 0.0 16.0 20856.0 2.69279232E8 13848.0
1435111398600 3 [6.29, 0.01, 2.79] [4.24, 0.02, 3.44] 24.0 0.0 16.0 20856.0 2.68890112E8 13848.0
1435111399737 3 [6.29, 0.01, 2.79] [4.24, 0.02, 3.44] 24.0 0.0 16.0 20856.0 2.68763136E8 13848.0
1435111400895 3 [6.18, 0.01, 2.79] [4.25, 0.02, 3.44] 24.0 0.0 16.0 20856.0 2.6863616E8 13848.0
1435111402033 3 [6.18, 0.01, 2.79] [4.25, 0.02, 3.44] 24.0 0.0 16.0 20856.0 2.68644352E8 13848.0
1435111403164 3 [6.18, 0.01, 2.73] [4.25, 0.02, 3.41] 24.0 0.0 16.0 20856.0 2.68644352E8 13848.0
1435111404528 3 [6.18, 0.01, 2.73] [4.25, 0.02, 3.41] 24.0 0.0 16.0 20856.0 2.69406208E8 13848.0
1435111405791 3 [6.17, 0.01, 2.73] [4.28, 0.02, 3.41] 24.0 0.0 16.0 20856.0 2.69287424E8 13848.0
1435111406928 3 [6.17, 0.01, 2.73] [4.28, 0.02, 3.41] 24.0 0.0 16.0 20856.0 2.69160448E8 13848.0
1435111408057 3 [6.17, 0.01, 2.59] [4.28, 0.02, 3.37] 24.0 0.0 16.0 20856.0 2.69160448E8 13848.0
1435111409188 3 [6.17, 0.01, 2.59] [4.28, 0.02, 3.37] 24.0 0.0 16.0 20856.0 2.69160448E8 13848.0
1435111410319 3 [5.67, 0.01, 2.59] [4.21, 0.02, 3.37] 24.0 0.0 16.0 20856.0 2.69144064E8 13848.0
1435111411461 3 [5.67, 0.01, 2.59] [4.21, 0.02, 3.37] 24.0 0.0 16.0 20856.0 2.69152256E8 13848.0
1435111412586 3 [5.67, 0.0, 2.59] [4.21, 0.01, 3.37] 24.0 0.0 16.0 20856.0 2.69533184E8 13848.0
1435111413712 3 [5.67, 0.0, 2.38] [4.21, 0.01, 3.32] 24.0 0.0 16.0 20856.0 2.69152256E8 13848.0
1435111414857 3 [5.67, 0.0, 2.38] [4.21, 0.01, 3.32] 24.0 0.0 16.0 20856.0 2.69152256E8 13848.0
1435111415999 3 [5.7, 0.0, 2.38] [4.24, 0.01, 3.32] 24.0 0.0 16.0 20856.0 2.69160448E8 13848.0
1435111417120 3 [5.7, 0.0, 2.38] [4.24, 0.01, 3.32] 24.0 0.0 16.0 20856.0 2.69160448E8 13848.0
1435111418255 3 [5.7, 0.0, 2.19] [4.24, 0.01, 3.26] 24.0 0.0 16.0 20856.0 2.69160448E8 13848.0
1435111419391 3 [5.7, 0.0, 2.19] [4.24, 0.01, 3.26] 24.0 0.0 16.0 20856.0 2.69651968E8 13848.0
1435111420539 3 [5.24, 0.0, 2.19] [4.17, 0.01, 3.26] 24.0 0.0 16.0 20856.0 2.6927104E8 13848.0
1435111421675 3 [5.24, 0.0, 2.19] [4.17, 0.01, 3.26] 24.0 0.0 16.0 20856.0 2.69279232E8 13848.0
1435111422805 3 [5.24, 0.0, 2.66] [4.17, 0.01, 3.34] 24.0 0.0 16.0 20856.0 2.69279232E8 13848.0
1435111423936 3 [5.24, 0.0, 2.66] [4.17, 0.01, 3.34] 24.0 0.0 16.0 20856.0 2.69279232E8 13848.0
1435111425070 3 [5.24, 0.0, 2.66] [4.17, 0.01, 3.34] 24.0 0.0 16.0 20856.0 2.69279232E8 13848.0
1435111426200 3 [5.14, 0.0, 2.66] [4.17, 0.01, 3.34] 24.0 0.0 16.0 20856.0 2.69533184E8 13848.0
1435111427335 3 [5.14, 0.0, 2.66] [4.17, 0.01, 3.34] 24.0 0.0 16.0 20856.0 2.69398016E8 13848.0
1435111428471 3 [5.14, 0.0, 2.68] [4.17, 0.01, 3.34] 24.0 0.0 16.0 20856.0 2.69144064E8 13848.0
1435111429598 3 [5.14, 0.0, 2.68] [4.17, 0.01, 3.34] 24.0 0.0 16.0 20856.0 2.69144064E8 13848.0
1435111430751 3 [5.29, 0.0, 2.68] [4.21, 0.01, 3.34] 24.0 0.0 16.0 20856.0 2.69144064E8 13848.0
1435111431890 3 [5.29, 0.0, 2.68] [4.21, 0.01, 3.34] 24.0 0.0 16.0 20856.0 2.69152256E8 13848.0
1435111433026 3 [5.29, 0.0, 2.79] [4.21, 0.01, 3.35] 24.0 0.0 16.0 20856.0 2.68382208E8 13848.0
1435111434164 3 [5.29, 0.0, 2.79] [4.21, 0.01, 3.35] 24.0 0.0 16.0 20856.0 2.68754944E8 13848.0
1435111435304 3 [5.11, 0.0, 2.79] [4.19, 0.01, 3.35] 24.0 0.0 16.0 20856.0 2.68771328E8 13848.0
1435111436428 3 [5.11, 0.0, 2.79] [4.19, 0.01, 3.35] 24.0 0.0 16.0 20856.0 2.6877952E8 13848.0
1435111437567 3 [5.11, 0.0, 2.79] [4.19, 0.01, 3.35] 24.0 0.0 16.0 20856.0 2.6877952E8 13848.0
1435111438699 3 [5.11, 0.0, 4.17] [4.19, 0.01, 3.62] 24.0 0.0 16.0 20856.0 2.6877952E8 13848.0
1435111439836 3 [5.11, 0.0, 4.17] [4.19, 0.01, 3.62] 24.0 0.0 16.0 20856.0 2.68763136E8 13848.0
1435111440968 3 [5.02, 0.0, 4.17] [4.19, 0.01, 3.62] 24.0 0.0 16.0 20856.0 2.69144064E8 13848.0
1435111442099 3 [5.02, 0.0, 4.17] [4.19, 0.01, 3.62] 24.0 0.0 16.0 20856.0 2.6902528E8 13848.0
1435111443233 3 [5.02, 0.0, 3.91] [4.19, 0.01, 3.58] 24.0 0.0 16.0 20856.0 2.6902528E8 13848.0
1435111444364 3 [5.02, 0.0, 3.91] [4.19, 0.01, 3.58] 24.0 0.0 16.0 20856.0 2.6902528E8 13848.0
1435111445492 3 [5.18, 0.0, 3.91] [4.24, 0.01, 3.58] 24.0 0.0 16.0 20856.0 2.69033472E8 13848.0
1435111446625 3 [5.18, 0.0, 3.91] [4.24, 0.01, 3.58] 24.0 0.0 16.0 20856.0 2.69033472E8 13848.0
1435111447754 3 [5.18, 0.0, 3.91] [4.24, 0.01, 3.58] 24.0 0.0 16.0 20856.0 2.69533184E8 13848.0
1435111448893 3 [5.18, 0.0, 3.92] [4.24, 0.01, 3.59] 24.0 0.0 16.0 20856.0 2.69111296E8 13848.0
1435111450029 3 [5.18, 0.0, 3.92] [4.24, 0.01, 3.59] 24.0 0.0 16.0 20856.0 2.6912768E8 13848.0
1435111451165 3 [5.16, 0.0, 3.92] [4.25, 0.01, 3.59] 24.0 0.0 16.0 20856.0 2.6912768E8 13848.0
1435111452287 3 [5.16, 0.0, 3.92] [4.25, 0.01, 3.59] 24.0 0.0 16.0 20856.0 2.69135872E8 13848.0
1435111453420 3 [5.16, 0.0, 3.69] [4.25, 0.01, 3.54] 24.0 0.0 16.0 20856.0 2.69135872E8 13848.0
1435111454553 3 [5.16, 0.0, 3.69] [4.25, 0.01, 3.54] 24.0 0.0 16.0 20856.0 2.69135872E8 13848.0
1435111455685 3 [5.47, 0.0, 3.69] [4.33, 0.01, 3.54] 24.0 0.0 16.0 20856.0 2.69144064E8 13848.0
1435111456817 3 [5.47, 0.0, 3.69] [4.33, 0.01, 3.54] 24.0 0.0 16.0 20856.0 2.69144064E8 13848.0
1435111457943 3 [5.47, 0.0, 3.47] [4.33, 0.01, 3.5] 24.0 0.0 16.0 20856.0 2.68730368E8 13848.0
1435111459073 3 [5.47, 0.0, 3.47] [4.33, 0.01, 3.5] 24.0 0.0 16.0 20856.0 2.68730368E8 13848.0
1435111460207 3 [5.59, 0.0, 3.47] [4.37, 0.01, 3.5] 24.0 0.0 16.0 20856.0 2.68730368E8 13848.0
1435111461341 3 [5.59, 0.0, 3.47] [4.37, 0.01, 3.5] 24.0 0.0 16.0 20856.0 2.6873856E8 13848.0
1435111462472 3 [5.59, 0.0, 3.47] [4.37, 0.01, 3.5] 24.0 0.0 16.0 20856.0 2.6873856E8 13848.0
1435111463599 3 [5.59, 0.0, 3.27] [4.37, 0.01, 3.46] 24.0 0.0 16.0 20856.0 2.6873856E8 13848.0
1435111464734 3 [5.59, 0.0, 3.27] [4.37, 0.01, 3.46] 24.0 0.0 16.0 20856.0 2.69246464E8 13848.0
1435111465872 3 [5.79, 0.0, 3.27] [4.43, 0.01, 3.46] 24.0 0.0 16.0 20856.0 2.6912768E8 13848.0
1435111467004 3 [5.79, 0.0, 3.27] [4.43, 0.01, 3.46] 24.0 0.0 16.0 20856.0 2.6912768E8 13848.0
1435111468141 3 [5.79, 0.0, 3.17] [4.43, 0.01, 3.44] 24.0 0.0 16.0 20856.0 2.6912768E8 13848.0
1435111469266 3 [5.79, 0.0, 3.17] [4.43, 0.01, 3.44] 24.0 0.0 16.0 20856.0 2.6912768E8 13848.0
1435111470400 3 [5.96, 0.0, 3.17] [4.49, 0.01, 3.44] 24.0 0.0 16.0 20856.0 2.69111296E8 13848.0
1435111471535 3 [5.96, 0.0, 3.17] [4.49, 0.01, 3.44] 24.0 0.0 16.0 20856.0 2.68992512E8 13848.0
1435111472663 3 [5.96, 0.0, 3.17] [4.49, 0.01, 3.44] 24.0 0.0 16.0 20856.0 2.6873856E8 13848.0
1435111473801 3 [5.96, 0.0, 3.0] [4.49, 0.01, 3.4] 24.0 0.0 16.0 20856.0 2.6873856E8 13848.0
1435111474936 3 [5.96, 0.0, 3.0] [4.49, 0.01, 3.4] 24.0 0.0 16.0 20856.0 2.6873856E8 13848.0
1435111476075 3 [5.49, 0.0, 3.0] [4.42, 0.01, 3.4] 24.0 0.0 16.0 20856.0 2.68746752E8 13848.0
1435111477210 3 [5.49, 0.0, 3.0] [4.42, 0.01, 3.4] 24.0 0.0 16.0 20856.0 2.68746752E8 13848.0
1435111478335 3 [5.49, 0.0, 2.92] [4.42, 0.01, 3.37] 24.0 0.0 16.0 20856.0 2.68746752E8 13848.0
1435111479459 3 [5.49, 0.0, 2.92] [4.42, 0.01, 3.37] 24.0 0.0 16.0 20856.0 2.68873728E8 13848.0
1435111480585 3 [5.37, 0.0, 2.92] [4.41, 0.01, 3.37] 24.0 0.0 16.0 20856.0 2.68730368E8 13848.0
1435111481725 3 [5.37, 0.0, 2.92] [4.41, 0.01, 3.37] 24.0 0.0 16.0 20856.0 2.68730368E8 13848.0
1435111482874 3 [5.37, 0.0, 2.76] [4.41, 0.01, 3.33] 24.0 0.0 16.0 20856.0 2.6873856E8 13848.0
1435111483999 3 [5.37, 0.0, 2.76] [4.41, 0.01, 3.33] 24.0 0.0 16.0 20856.0 2.6873856E8 13848.0
1435111485135 3 [5.37, 0.0, 2.76] [4.41, 0.01, 3.33] 24.0 0.0 16.0 20856.0 2.6873856E8 13848.0
1435111486267 3 [4.94, 0.0, 2.76] [4.34, 0.01, 3.33] 24.0 0.0 16.0 20856.0 2.6873856E8 13848.0
1435111487394 3 [4.94, 0.0, 2.76] [4.34, 0.01, 3.33] 24.0 0.0 16.0 20856.0 2.6912768E8 13848.0
1435111488772 3 [4.94, 0.0, 2.54] [4.34, 0.01, 3.28] 24.0 0.0 16.0 20856.0 2.6898432E8 13848.0
1435111489931 3 [4.94, 0.0, 2.54] [4.34, 0.01, 3.28] 24.0 0.0 16.0 20856.0 2.68865536E8 13848.0
1435111491058 3 [4.54, 0.0, 2.54] [4.27, 0.01, 3.28] 24.0 0.0 16.0 20856.0 2.68857344E8 13848.0
1435111492193 3 [4.54, 0.0, 2.54] [4.27, 0.01, 3.28] 24.0 0.0 16.0 20856.0 2.68857344E8 13848.0
1435111493325 3 [4.54, 0.0, 2.34] [4.27, 0.01, 3.22] 24.0 0.0 16.0 20856.0 2.68865536E8 13848.0
1435111494481 3 [4.54, 0.0, 2.34] [4.27, 0.01, 3.22] 24.0 0.0 16.0 20856.0 2.68865536E8 13848.0
1435111495607 3 [4.18, 0.0, 2.34] [4.19, 0.01, 3.22] 24.0 0.0 16.0 20856.0 2.68865536E8 13848.0
1435111496743 3 [4.18, 0.0, 2.34] [4.19, 0.01, 3.22] 24.0 0.0 16.0 20856.0 2.68873728E8 13848.0
1435111497876 3 [4.18, 0.0, 2.15] [4.19, 0.01, 3.17] 24.0 0.0 16.0 20856.0 2.68873728E8 13848.0
1435111499013 3 [4.18, 0.0, 2.15] [4.19, 0.01, 3.17] 24.0 0.0 16.0 20856.0 2.68873728E8 13848.0
1435111500151 3 [4.18, 0.0, 2.15] [4.19, 0.01, 3.17] 24.0 0.0 16.0 20856.0 2.68873728E8 13848.0
1435111501272 3 [3.84, 0.0, 2.15] [4.12, 0.01, 3.17] 24.0 0.0 16.0 20856.0 2.68857344E8 13848.0
1435111502403 3 [3.84, 0.0, 2.15] [4.12, 0.01, 3.17] 24.0 0.0 16.0 20856.0 2.69246464E8 13848.0
1435111503536 3 [3.84, 0.0, 1.98] [4.12, 0.01, 3.12] 24.0 0.0 16.0 20856.0 2.68865536E8 13848.0
1435111504679 3 [3.84, 0.0, 1.98] [4.12, 0.01, 3.12] 24.0 0.0 16.0 20856.0 2.68865536E8 13848.0
1435111505812 3 [3.54, 0.0, 1.98] [4.06, 0.01, 3.12] 24.0 0.0 16.0 20856.0 2.68865536E8 13848.0
1435111506945 3 [3.54, 0.0, 1.98] [4.06, 0.01, 3.12] 24.0 0.0 16.0 20856.0 2.68873728E8 13848.0
1435111508076 3 [3.54, 0.0, 1.9] [4.06, 0.01, 3.08] 24.0 0.0 16.0 20856.0 2.68873728E8 13848.0
1435111509207 3 [3.54, 0.0, 1.9] [4.06, 0.01, 3.08] 24.0 0.0 16.0 20856.0 2.68873728E8 13848.0
1435111510343 3 [3.25, 0.0, 1.9] [3.99, 0.01, 3.08] 24.0 0.0 16.0 20856.0 2.69398016E8 13848.0
1435111511474 3 [3.25, 0.0, 1.9] [3.99, 0.01, 3.08] 24.0 0.0 16.0 20856.0 2.69381632E8 13848.0
1435111512608 3 [3.25, 0.0, 1.9] [3.99, 0.01, 3.08] 24.0 0.0 16.0 20856.0 2.69381632E8 13848.0
1435111513736 3 [3.25, 0.0, 1.75] [3.99, 0.01, 3.03] 24.0 0.0 16.0 20856.0 2.69389824E8 13848.0
1435111514861 3 [3.25, 0.0, 1.75] [3.99, 0.01, 3.03] 24.0 0.0 16.0 20856.0 2.69389824E8 13848.0
1435111515994 3 [2.99, 0.0, 1.75] [3.92, 0.01, 3.03] 24.0 0.0 16.0 20856.0 2.69389824E8 13848.0
1435111517128 3 [2.99, 0.0, 1.75] [3.92, 0.01, 3.03] 24.0 0.0 16.0 20856.0 2.69389824E8 13848.0
1435111518263 3 [2.99, 0.0, 1.61] [3.92, 0.01, 2.98] 24.0 0.0 16.0 20856.0 2.69381632E8 13848.0
1435111519901 3 [2.99, 0.0, 1.61] [3.92, 0.01, 2.98] 24.0 0.0 16.0 20856.0 2.69389824E8 13848.0
1435111521033 3 [2.75, 0.0, 1.61] [3.86, 0.01, 2.98] 24.0 0.0 16.0 20856.0 2.69103104E8 13848.0
1435111522154 3 [2.75, 0.0, 1.61] [3.86, 0.01, 2.98] 24.0 0.0 16.0 20856.0 2.69135872E8 13848.0
1435111523291 3 [2.75, 0.0, 1.48] [3.86, 0.01, 2.93] 24.0 0.0 16.0 20856.0 2.6912768E8 13848.0
1435111524431 3 [2.75, 0.0, 1.48] [3.86, 0.01, 2.93] 24.0 0.0 16.0 20856.0 2.69262848E8 13848.0
1435111525555 3 [2.53, 0.0, 1.48] [3.79, 0.01, 2.93] 24.0 0.0 16.0 20856.0 2.69262848E8 13848.0
1435111526687 3 [2.53, 0.0, 1.48] [3.79, 0.01, 2.93] 24.0 0.0 16.0 20856.0 2.68865536E8 13848.0
1435111527819 3 [2.53, 0.0, 1.48] [3.79, 0.01, 2.93] 24.0 0.0 16.0 20856.0 2.68484608E8 13848.0
1435111528955 3 [2.53, 0.0, 1.36] [3.79, 0.01, 2.88] 24.0 0.0 16.0 20856.0 2.684928E8 13848.0
1435111530086 3 [2.53, 0.0, 1.36] [3.79, 0.01, 2.88] 24.0 0.0 16.0 20856.0 2.684928E8 13848.0
1435111531221 3 [2.33, 0.0, 1.36] [3.73, 0.01, 2.88] 24.0 0.0 16.0 20856.0 2.69254656E8 13848.0
1435111532354 3 [2.33, 0.0, 1.36] [3.73, 0.01, 2.88] 24.0 0.0 16.0 20856.0 2.69254656E8 13848.0
1435111533478 3 [2.33, 0.0, 1.25] [3.73, 0.01, 2.83] 24.0 0.0 16.0 20856.0 2.69254656E8 13848.0
1435111534602 3 [2.33, 0.0, 1.25] [3.73, 0.01, 2.83] 24.0 0.0 16.0 20856.0 2.69262848E8 13848.0
1435111535737 3 [2.14, 0.0, 1.25] [3.67, 0.01, 2.83] 24.0 0.0 16.0 20856.0 2.69262848E8 13848.0
1435111536864 3 [2.14, 0.0, 1.25] [3.67, 0.01, 2.83] 24.0 0.0 16.0 20856.0 2.69262848E8 13848.0
1435111537997 3 [2.14, 0.0, 1.23] [3.67, 0.01, 2.8] 24.0 0.0 16.0 20856.0 2.69262848E8 13848.0
1435111539128 3 [2.14, 0.0, 1.23] [3.67, 0.01, 2.8] 24.0 0.0 16.0 20856.0 2.6927104E8 13848.0
1435111540258 3 [1.97, 0.0, 1.23] [3.61, 0.01, 2.8] 24.0 0.0 16.0 20856.0 2.6927104E8 13848.0
1435111541379 3 [1.97, 0.0, 1.23] [3.61, 0.01, 2.8] 24.0 0.0 16.0 20856.0 2.6927104E8 13848.0
1435111542517 3 [1.97, 0.0, 1.23] [3.61, 0.01, 2.8] 24.0 0.0 16.0 20856.0 2.68857344E8 13848.0
1435111543655 3 [1.97, 0.0, 1.13] [3.61, 0.01, 2.76] 24.0 0.0 16.0 20856.0 2.68730368E8 13848.0
1435111544787 3 [1.97, 0.0, 1.13] [3.61, 0.01, 2.76] 24.0 0.0 16.0 20856.0 2.6873856E8 13848.0
1435111545919 3 [1.81, 0.0, 1.13] [3.55, 0.01, 2.76] 24.0 0.0 16.0 20856.0 2.6873856E8 13848.0
1435111547054 3 [1.81, 0.0, 1.13] [3.55, 0.01, 2.76] 24.0 0.0 16.0 20856.0 2.6873856E8 13848.0
1435111548187 3 [1.81, 0.0, 1.04] [3.55, 0.01, 2.71] 24.0 0.0 16.0 20856.0 2.68730368E8 13848.0
1435111549322 3 [1.81, 0.0, 1.04] [3.55, 0.01, 2.71] 24.0 0.0 16.0 20856.0 2.68730368E8 13848.0
1435111550451 3 [1.67, 0.0, 1.04] [3.49, 0.01, 2.71] 24.0 0.0 16.0 20856.0 2.6873856E8 13848.0
1435111551580 3 [1.67, 0.0, 1.04] [3.49, 0.01, 2.71] 24.0 0.0 16.0 20856.0 2.68611584E8 13848.0
1435111552729 3 [1.67, 0.0, 1.04] [3.49, 0.01, 2.71] 24.0 0.0 16.0 20856.0 2.68603392E8 13848.0
1435111553861 3 [1.67, 0.0, 0.96] [3.49, 0.01, 2.67] 24.0 0.0 16.0 20856.0 2.68603392E8 13848.0
1435111554995 3 [1.67, 0.0, 0.96] [3.49, 0.01, 2.67] 24.0 0.0 16.0 20856.0 2.68611584E8 13848.0
1435111556125 3 [1.54, 0.0, 0.96] [3.43, 0.01, 2.67] 24.0 0.0 16.0 20856.0 2.68611584E8 13848.0
1435111557256 3 [1.54, 0.0, 0.96] [3.43, 0.01, 2.67] 24.0 0.0 16.0 20856.0 2.68611584E8 13848.0
1435111558388 3 [1.54, 0.0, 0.88] [3.43, 0.01, 2.62] 24.0 0.0 16.0 20856.0 2.69381632E8 13848.0
1435111559525 3 [1.54, 0.0, 0.88] [3.43, 0.01, 2.62] 24.0 0.0 16.0 20856.0 2.6912768E8 13848.0
1435111560657 3 [1.41, 0.0, 0.88] [3.37, 0.01, 2.62] 24.0 0.0 16.0 20856.0 2.6912768E8 13848.0
1435111561782 3 [1.41, 0.0, 0.88] [3.37, 0.01, 2.62] 24.0 0.0 16.0 20856.0 2.6912768E8 13848.0
1435111562915 3 [1.41, 0.0, 0.81] [3.37, 0.01, 2.58] 24.0 0.0 16.0 20856.0 2.69111296E8 13848.0
1435111564052 3 [1.41, 0.0, 0.81] [3.37, 0.01, 2.58] 24.0 0.0 16.0 20856.0 2.69111296E8 13848.0
1435111565187 3 [1.41, 0.0, 0.81] [3.37, 0.01, 2.58] 24.0 0.0 16.0 20856.0 2.69119488E8 13848.0
1435111566311 3 [1.3, 0.0, 0.81] [3.32, 0.01, 2.58] 24.0 0.0 16.0 20856.0 2.69119488E8 13848.0
1435111567444 3 [1.3, 0.0, 0.81] [3.32, 0.01, 2.58] 24.0 0.0 16.0 20856.0 2.685952E8 13848.0
1435111568569 3 [1.3, 0.0, 0.75] [3.32, 0.01, 2.54] 24.0 0.0 16.0 20856.0 2.67841536E8 13848.0
1435111569721 3 [1.3, 0.0, 0.75] [3.32, 0.01, 2.54] 24.0 0.0 16.0 20856.0 2.67841536E8 13848.0
1435111570846 3 [1.19, 0.0, 0.75] [3.26, 0.01, 2.54] 24.0 0.0 16.0 20856.0 2.67841536E8 13848.0
1435111571979 3 [1.19, 0.0, 0.75] [3.26, 0.01, 2.54] 24.0 0.0 16.0 20856.0 2.67841536E8 13848.0
1435111573114 3 [1.19, 0.0, 0.69] [3.26, 0.01, 2.49] 24.0 0.0 16.0 20856.0 2.67825152E8 13848.0
1435111574236 3 [1.19, 0.0, 0.69] [3.26, 0.01, 2.49] 24.0 0.0 16.0 20856.0 2.67825152E8 13848.0
1435111575375 3 [1.1, 0.0, 0.69] [3.21, 0.01, 2.49] 24.0 0.0 16.0 20856.0 2.68214272E8 13848.0
1435111576502 3 [1.1, 0.0, 0.69] [3.21, 0.01, 2.49] 24.0 0.0 16.0 20856.0 2.67579392E8 13848.0
1435111577639 3 [1.1, 0.0, 0.69] [3.21, 0.01, 2.49] 24.0 0.0 16.0 20856.0 2.675712E8 13848.0
1435111578771 3 [1.1, 0.0, 0.63] [3.21, 0.01, 2.45] 24.0 0.0 16.0 20856.0 2.675712E8 13848.0
1435111579902 3 [1.1, 0.0, 0.63] [3.21, 0.01, 2.45] 24.0 0.0 16.0 20856.0 2.67452416E8 13848.0
1435111581290 3 [1.01, 0.0, 0.63] [3.15, 0.01, 2.45] 24.0 0.0 16.0 20856.0 2.67452416E8 13848.0
1435111582453 3 [1.01, 0.0, 0.63] [3.15, 0.01, 2.45] 24.0 0.0 16.0 20856.0 2.67317248E8 13848.0
1435111583578 3 [1.01, 0.0, 0.58] [3.15, 0.01, 2.41] 24.0 0.0 16.0 20856.0 2.68587008E8 13848.0
1435111584710 3 [1.01, 0.0, 0.58] [3.15, 0.01, 2.41] 24.0 0.0 16.0 20856.0 2.67833344E8 13848.0
1435111585846 3 [0.93, 0.0, 0.58] [3.1, 0.01, 2.41] 24.0 0.0 16.0 20856.0 2.67833344E8 13848.0
1435111586978 3 [0.93, 0.0, 0.58] [3.1, 0.01, 2.41] 24.0 0.0 16.0 20856.0 2.67833344E8 13848.0
1435111588103 3 [0.93, 0.0, 0.53] [3.1, 0.01, 2.37] 24.0 0.0 16.0 20856.0 2.67833344E8 13848.0
1435111589230 3 [0.93, 0.0, 0.53] [3.1, 0.01, 2.37] 24.0 0.0 16.0 20856.0 2.67841536E8 13848.0
1435111590364 3 [0.86, 0.0, 0.53] [3.05, 0.01, 2.37] 24.0 0.0 16.0 20856.0 2.6771456E8 13848.0
1435111591497 3 [0.86, 0.0, 0.53] [3.05, 0.01, 2.37] 24.0 0.0 16.0 20856.0 2.68476416E8 13848.0
1435111592637 3 [0.86, 0.0, 0.53] [3.05, 0.01, 2.37] 24.0 0.0 16.0 20856.0 2.67825152E8 13848.0
1435111593771 3 [0.86, 0.0, 0.49] [3.05, 0.01, 2.33] 24.0 0.0 16.0 20856.0 2.67825152E8 13848.0
1435111594905 3 [0.86, 0.0, 0.49] [3.05, 0.01, 2.33] 24.0 0.0 16.0 20856.0 2.67833344E8 13848.0
1435111596045 3 [0.79, 0.0, 0.49] [3.0, 0.01, 2.33] 24.0 0.0 16.0 20856.0 2.67833344E8 13848.0
1435111597179 3 [0.79, 0.0, 0.49] [3.0, 0.01, 2.33] 24.0 0.0 16.0 20856.0 2.67833344E8 13848.0
1435111598303 3 [0.79, 0.0, 0.45] [3.0, 0.01, 2.29] 24.0 0.0 16.0 20856.0 2.67841536E8 13848.0
1435111599450 3 [0.79, 0.0, 0.45] [3.0, 0.01, 2.29] 24.0 0.0 16.0 20856.0 2.68333056E8 13848.0
1435111600580 3 [0.72, 0.0, 0.45] [2.95, 0.01, 2.29] 24.0 0.0 16.0 20856.0 2.67952128E8 13848.0
1435111601749 3 [0.72, 0.0, 0.45] [2.95, 0.01, 2.29] 24.0 0.0 16.0 20856.0 2.67952128E8 13848.0
1435111602885 3 [0.72, 0.08, 0.45] [2.95, 0.03, 2.29] 24.0 0.0 16.0 20856.0 2.67808768E8 13848.0
1435111604024 3 [0.72, 0.08, 0.42] [2.95, 0.03, 2.26] 24.0 0.0 16.0 20856.0 2.67808768E8 13848.0
1435111605148 3 [0.72, 0.08, 0.42] [2.95, 0.03, 2.26] 24.0 0.0 16.0 20856.0 2.6781696E8 13848.0
1435111606281 3 [0.67, 0.08, 0.42] [2.9, 0.03, 2.26] 24.0 0.0 16.0 20856.0 2.69500416E8 13848.0
1435111607414 3 [0.67, 0.08, 0.42] [2.9, 0.03, 2.26] 24.0 0.0 16.0 20856.0 2.67808768E8 13848.0
1435111608548 3 [0.67, 0.08, 0.38] [2.9, 0.03, 2.22] 24.0 0.0 16.0 20856.0 2.67808768E8 13848.0
1435111609686 3 [0.67, 0.08, 0.38] [2.9, 0.03, 2.22] 24.0 0.0 16.0 20856.0 2.6781696E8 13848.0